ARM GAS  C:\Users\turan\AppData\Local\Temp\ccH9sbmL.s 			page 1


   1              		.syntax unified
   2              		.cpu cortex-m0
   3              		.fpu softvfp
   4              		.eabi_attribute 20, 1
   5              		.eabi_attribute 21, 1
   6              		.eabi_attribute 23, 3
   7              		.eabi_attribute 24, 1
   8              		.eabi_attribute 25, 1
   9              		.eabi_attribute 26, 1
  10              		.eabi_attribute 30, 1
  11              		.eabi_attribute 34, 0
  12              		.eabi_attribute 18, 4
  13              		.thumb
  14              		.syntax unified
  15              		.file	"platform.c"
  16              		.text
  17              	.Ltext0:
  18              		.cfi_sections	.debug_frame
  19              		.section	.text.globalIntEnable,"ax",%progbits
  20              		.align	2
  21              		.global	globalIntEnable
  22              		.code	16
  23              		.thumb_func
  24              		.type	globalIntEnable, %function
  25              	globalIntEnable:
  26              	.LFB44:
  27              		.file 1 "RCOS\\dev\\psoc4\\platform.c"
   1:RCOS\dev\psoc4/platform.c **** /** @file       psoc4/platform.c
   2:RCOS\dev\psoc4/platform.c ****  *  @brief      Platform specific modifications for PSOC4
   3:RCOS\dev\psoc4/platform.c ****  *  @copyright  (c) 2019-Arcelik - All Rights Reserved
   4:RCOS\dev\psoc4/platform.c ****  *              Permission to use, reproduce, copy, prepare derivative works,
   5:RCOS\dev\psoc4/platform.c ****  *              modify, distribute, perform, display or sell this software and/or
   6:RCOS\dev\psoc4/platform.c ****  *              its documentation for any purpose is prohibited without the express
   7:RCOS\dev\psoc4/platform.c ****  *              written consent of Arcelik A.S.
   8:RCOS\dev\psoc4/platform.c ****  *  @author     Mehmet Baris
   9:RCOS\dev\psoc4/platform.c ****  *  @date       04.05.2016
  10:RCOS\dev\psoc4/platform.c ****  */
  11:RCOS\dev\psoc4/platform.c **** #define FILE_PLATFORM_C
  12:RCOS\dev\psoc4/platform.c **** 
  13:RCOS\dev\psoc4/platform.c **** /*********************************************************************
  14:RCOS\dev\psoc4/platform.c ****  *  INCLUDES
  15:RCOS\dev\psoc4/platform.c ****  */
  16:RCOS\dev\psoc4/platform.c **** #include "rcos.h"
  17:RCOS\dev\psoc4/platform.c **** #include <string.h>
  18:RCOS\dev\psoc4/platform.c **** 
  19:RCOS\dev\psoc4/platform.c **** #ifndef RCOS_PLATFORM_PSOC4
  20:RCOS\dev\psoc4/platform.c **** #error this file is prepared for PSOC4 only
  21:RCOS\dev\psoc4/platform.c **** #endif
  22:RCOS\dev\psoc4/platform.c **** 
  23:RCOS\dev\psoc4/platform.c **** /** @addtogroup PSOC4
  24:RCOS\dev\psoc4/platform.c ****  *  @{
  25:RCOS\dev\psoc4/platform.c ****  */
  26:RCOS\dev\psoc4/platform.c **** 
  27:RCOS\dev\psoc4/platform.c **** /*********************************************************************
  28:RCOS\dev\psoc4/platform.c ****  *  EXPORTED TYPEDEFS
  29:RCOS\dev\psoc4/platform.c ****  */
  30:RCOS\dev\psoc4/platform.c **** 
ARM GAS  C:\Users\turan\AppData\Local\Temp\ccH9sbmL.s 			page 2


  31:RCOS\dev\psoc4/platform.c **** /*********************************************************************
  32:RCOS\dev\psoc4/platform.c ****  *  EXPORTED MACROS
  33:RCOS\dev\psoc4/platform.c ****  */
  34:RCOS\dev\psoc4/platform.c **** 
  35:RCOS\dev\psoc4/platform.c **** /*********************************************************************
  36:RCOS\dev\psoc4/platform.c ****  *  INTERFACES: CONSTANTS
  37:RCOS\dev\psoc4/platform.c ****  */
  38:RCOS\dev\psoc4/platform.c **** 
  39:RCOS\dev\psoc4/platform.c **** /*********************************************************************
  40:RCOS\dev\psoc4/platform.c ****  *  INTERFACES: VARIABLES
  41:RCOS\dev\psoc4/platform.c ****  */
  42:RCOS\dev\psoc4/platform.c **** 
  43:RCOS\dev\psoc4/platform.c **** /*********************************************************************
  44:RCOS\dev\psoc4/platform.c ****  *  INTERFACES: FUNCTIONS
  45:RCOS\dev\psoc4/platform.c ****  */
  46:RCOS\dev\psoc4/platform.c **** void platformInit(void)
  47:RCOS\dev\psoc4/platform.c **** {
  48:RCOS\dev\psoc4/platform.c ****     ADD_RCOS_VERSION("psoc4/platform", "2.0.2")
  49:RCOS\dev\psoc4/platform.c **** 
  50:RCOS\dev\psoc4/platform.c ****     globalIntEnable();
  51:RCOS\dev\psoc4/platform.c **** }
  52:RCOS\dev\psoc4/platform.c **** 
  53:RCOS\dev\psoc4/platform.c **** void globalIntEnable(void)
  54:RCOS\dev\psoc4/platform.c **** {
  28              		.loc 1 54 0
  29              		.cfi_startproc
  30              		@ args = 0, pretend = 0, frame = 0
  31              		@ frame_needed = 0, uses_anonymous_args = 0
  32              		@ link register save eliminated.
  55:RCOS\dev\psoc4/platform.c ****     CyGlobalIntEnable;
  33              		.loc 1 55 0
  34              		.syntax divided
  35              	@ 55 "RCOS\dev\psoc4\platform.c" 1
  36 0000 62B6     		CPSIE   i
  37              	@ 0 "" 2
  56:RCOS\dev\psoc4/platform.c **** }
  38              		.loc 1 56 0
  39              		.thumb
  40              		.syntax unified
  41              		@ sp needed
  42 0002 7047     		bx	lr
  43              		.cfi_endproc
  44              	.LFE44:
  45              		.size	globalIntEnable, .-globalIntEnable
  46              		.section	.text.platformInit,"ax",%progbits
  47              		.align	2
  48              		.global	platformInit
  49              		.code	16
  50              		.thumb_func
  51              		.type	platformInit, %function
  52              	platformInit:
  53              	.LFB43:
  47:RCOS\dev\psoc4/platform.c ****     ADD_RCOS_VERSION("psoc4/platform", "2.0.2")
  54              		.loc 1 47 0
  55              		.cfi_startproc
  56              		@ args = 0, pretend = 0, frame = 0
  57              		@ frame_needed = 0, uses_anonymous_args = 0
ARM GAS  C:\Users\turan\AppData\Local\Temp\ccH9sbmL.s 			page 3


  58 0000 10B5     		push	{r4, lr}
  59              		.cfi_def_cfa_offset 8
  60              		.cfi_offset 4, -8
  61              		.cfi_offset 14, -4
  62              	.LBB2:
  63              	.LBB3:
  48:RCOS\dev\psoc4/platform.c **** 
  64              		.loc 1 48 0
  65 0002 0349     		ldr	r1, .L3
  66 0004 0348     		ldr	r0, .L3+4
  67 0006 FFF7FEFF 		bl	addVersionItem
  68              	.LVL0:
  69              	.LBE3:
  70              	.LBE2:
  50:RCOS\dev\psoc4/platform.c **** }
  71              		.loc 1 50 0
  72 000a FFF7FEFF 		bl	globalIntEnable
  73              	.LVL1:
  51:RCOS\dev\psoc4/platform.c **** 
  74              		.loc 1 51 0
  75              		@ sp needed
  76 000e 10BD     		pop	{r4, pc}
  77              	.L4:
  78              		.align	2
  79              	.L3:
  80 0010 00000000 		.word	.LANCHOR0
  81 0014 00000000 		.word	rcosVersionList
  82              		.cfi_endproc
  83              	.LFE43:
  84              		.size	platformInit, .-platformInit
  85              		.section	.text.globalIntDisable,"ax",%progbits
  86              		.align	2
  87              		.global	globalIntDisable
  88              		.code	16
  89              		.thumb_func
  90              		.type	globalIntDisable, %function
  91              	globalIntDisable:
  92              	.LFB45:
  57:RCOS\dev\psoc4/platform.c **** 
  58:RCOS\dev\psoc4/platform.c **** void globalIntDisable(void)
  59:RCOS\dev\psoc4/platform.c **** {
  93              		.loc 1 59 0
  94              		.cfi_startproc
  95              		@ args = 0, pretend = 0, frame = 0
  96              		@ frame_needed = 0, uses_anonymous_args = 0
  97              		@ link register save eliminated.
  60:RCOS\dev\psoc4/platform.c ****     CyGlobalIntDisable;
  98              		.loc 1 60 0
  99              		.syntax divided
 100              	@ 60 "RCOS\dev\psoc4\platform.c" 1
 101 0000 72B6     		CPSID   i
 102              	@ 0 "" 2
  61:RCOS\dev\psoc4/platform.c **** }
 103              		.loc 1 61 0
 104              		.thumb
 105              		.syntax unified
 106              		@ sp needed
ARM GAS  C:\Users\turan\AppData\Local\Temp\ccH9sbmL.s 			page 4


 107 0002 7047     		bx	lr
 108              		.cfi_endproc
 109              	.LFE45:
 110              		.size	globalIntDisable, .-globalIntDisable
 111              		.section	.text.isIsrActive,"ax",%progbits
 112              		.align	2
 113              		.global	isIsrActive
 114              		.code	16
 115              		.thumb_func
 116              		.type	isIsrActive, %function
 117              	isIsrActive:
 118              	.LFB46:
  62:RCOS\dev\psoc4/platform.c **** 
  63:RCOS\dev\psoc4/platform.c **** teBool isIsrActive(void)
  64:RCOS\dev\psoc4/platform.c **** {
 119              		.loc 1 64 0
 120              		.cfi_startproc
 121              		@ args = 0, pretend = 0, frame = 0
 122              		@ frame_needed = 0, uses_anonymous_args = 0
 123              		@ link register save eliminated.
  65:RCOS\dev\psoc4/platform.c ****     // return 0xff; // n/a
  66:RCOS\dev\psoc4/platform.c ****     return ((SCB->ICSR & SCB_ICSR_VECTACTIVE_Msk) != 0);
 124              		.loc 1 66 0
 125 0000 034B     		ldr	r3, .L7
 126 0002 5868     		ldr	r0, [r3, #4]
 127 0004 C005     		lsls	r0, r0, #23
 128 0006 431E     		subs	r3, r0, #1
 129 0008 9841     		sbcs	r0, r0, r3
 130 000a C0B2     		uxtb	r0, r0
  67:RCOS\dev\psoc4/platform.c **** }
 131              		.loc 1 67 0
 132              		@ sp needed
 133 000c 7047     		bx	lr
 134              	.L8:
 135 000e C046     		.align	2
 136              	.L7:
 137 0010 00ED00E0 		.word	-536810240
 138              		.cfi_endproc
 139              	.LFE46:
 140              		.size	isIsrActive, .-isIsrActive
 141              		.section	.text.getUniqId,"ax",%progbits
 142              		.align	2
 143              		.global	getUniqId
 144              		.code	16
 145              		.thumb_func
 146              		.type	getUniqId, %function
 147              	getUniqId:
 148              	.LFB47:
  68:RCOS\dev\psoc4/platform.c **** 
  69:RCOS\dev\psoc4/platform.c **** void getUniqId(uint8_t *ptr, uint8_t length)
  70:RCOS\dev\psoc4/platform.c **** {
 149              		.loc 1 70 0
 150              		.cfi_startproc
 151              		@ args = 0, pretend = 0, frame = 8
 152              		@ frame_needed = 0, uses_anonymous_args = 0
 153              	.LVL2:
 154 0000 30B5     		push	{r4, r5, lr}
ARM GAS  C:\Users\turan\AppData\Local\Temp\ccH9sbmL.s 			page 5


 155              		.cfi_def_cfa_offset 12
 156              		.cfi_offset 4, -12
 157              		.cfi_offset 5, -8
 158              		.cfi_offset 14, -4
 159 0002 83B0     		sub	sp, sp, #12
 160              		.cfi_def_cfa_offset 24
 161 0004 0400     		movs	r4, r0
 162 0006 0D00     		movs	r5, r1
  71:RCOS\dev\psoc4/platform.c ****     uint8_t tempBuff[8];
  72:RCOS\dev\psoc4/platform.c ****     ///< Returns the 64-bit unique id of the device by loading them into the integer array pointed 
  73:RCOS\dev\psoc4/platform.c ****     CyGetUniqueId(tempBuff);
 163              		.loc 1 73 0
 164 0008 6846     		mov	r0, sp
 165              	.LVL3:
 166 000a FFF7FEFF 		bl	CyGetUniqueId
 167              	.LVL4:
  74:RCOS\dev\psoc4/platform.c ****     memcpy(ptr, tempBuff, length);
 168              		.loc 1 74 0
 169 000e 2A00     		movs	r2, r5
 170 0010 6946     		mov	r1, sp
 171 0012 2000     		movs	r0, r4
 172 0014 FFF7FEFF 		bl	memcpy
 173              	.LVL5:
  75:RCOS\dev\psoc4/platform.c **** }
 174              		.loc 1 75 0
 175 0018 03B0     		add	sp, sp, #12
 176              		@ sp needed
 177              	.LVL6:
 178 001a 30BD     		pop	{r4, r5, pc}
 179              		.cfi_endproc
 180              	.LFE47:
 181              		.size	getUniqId, .-getUniqId
 182              		.section	.text.htonl,"ax",%progbits
 183              		.align	2
 184              		.global	htonl
 185              		.code	16
 186              		.thumb_func
 187              		.type	htonl, %function
 188              	htonl:
 189              	.LFB49:
  76:RCOS\dev\psoc4/platform.c **** 
  77:RCOS\dev\psoc4/platform.c **** uint32_t ntohl(uint32_t data)
  78:RCOS\dev\psoc4/platform.c **** {
  79:RCOS\dev\psoc4/platform.c ****     return htonl(data);
  80:RCOS\dev\psoc4/platform.c **** }
  81:RCOS\dev\psoc4/platform.c **** 
  82:RCOS\dev\psoc4/platform.c **** uint32_t htonl(uint32_t _32)
  83:RCOS\dev\psoc4/platform.c **** {
 190              		.loc 1 83 0
 191              		.cfi_startproc
 192              		@ args = 0, pretend = 0, frame = 0
 193              		@ frame_needed = 0, uses_anonymous_args = 0
 194              	.LVL7:
 195 0000 10B5     		push	{r4, lr}
 196              		.cfi_def_cfa_offset 8
 197              		.cfi_offset 4, -8
 198              		.cfi_offset 14, -4
ARM GAS  C:\Users\turan\AppData\Local\Temp\ccH9sbmL.s 			page 6


  84:RCOS\dev\psoc4/platform.c ****     return ((((_32)&0xfful) << 24) |
 199              		.loc 1 84 0
 200 0002 0406     		lsls	r4, r0, #24
  85:RCOS\dev\psoc4/platform.c ****             (((_32)&0xff00ul) << 8) |
 201              		.loc 1 85 0
 202 0004 0302     		lsls	r3, r0, #8
 203 0006 FF22     		movs	r2, #255
 204 0008 1204     		lsls	r2, r2, #16
 205 000a 1340     		ands	r3, r2
  84:RCOS\dev\psoc4/platform.c ****     return ((((_32)&0xfful) << 24) |
 206              		.loc 1 84 0
 207 000c 2100     		movs	r1, r4
 208 000e 1943     		orrs	r1, r3
  86:RCOS\dev\psoc4/platform.c ****             (((_32)&0xff0000ul) >> 8) |
 209              		.loc 1 86 0
 210 0010 030A     		lsrs	r3, r0, #8
 211 0012 FF22     		movs	r2, #255
 212 0014 1202     		lsls	r2, r2, #8
 213 0016 1A40     		ands	r2, r3
  85:RCOS\dev\psoc4/platform.c ****             (((_32)&0xff00ul) << 8) |
 214              		.loc 1 85 0
 215 0018 0B00     		movs	r3, r1
 216 001a 1343     		orrs	r3, r2
  87:RCOS\dev\psoc4/platform.c ****             (((_32)&0xff000000ul) >> 24));
 217              		.loc 1 87 0
 218 001c 000E     		lsrs	r0, r0, #24
 219              	.LVL8:
  84:RCOS\dev\psoc4/platform.c ****             (((_32)&0xff00ul) << 8) |
 220              		.loc 1 84 0
 221 001e 1843     		orrs	r0, r3
  88:RCOS\dev\psoc4/platform.c **** }
 222              		.loc 1 88 0
 223              		@ sp needed
 224 0020 10BD     		pop	{r4, pc}
 225              		.cfi_endproc
 226              	.LFE49:
 227              		.size	htonl, .-htonl
 228 0022 C046     		.section	.text.ntohl,"ax",%progbits
 229              		.align	2
 230              		.global	ntohl
 231              		.code	16
 232              		.thumb_func
 233              		.type	ntohl, %function
 234              	ntohl:
 235              	.LFB48:
  78:RCOS\dev\psoc4/platform.c ****     return htonl(data);
 236              		.loc 1 78 0
 237              		.cfi_startproc
 238              		@ args = 0, pretend = 0, frame = 0
 239              		@ frame_needed = 0, uses_anonymous_args = 0
 240              	.LVL9:
 241 0000 10B5     		push	{r4, lr}
 242              		.cfi_def_cfa_offset 8
 243              		.cfi_offset 4, -8
 244              		.cfi_offset 14, -4
  79:RCOS\dev\psoc4/platform.c **** }
 245              		.loc 1 79 0
ARM GAS  C:\Users\turan\AppData\Local\Temp\ccH9sbmL.s 			page 7


 246 0002 FFF7FEFF 		bl	htonl
 247              	.LVL10:
  80:RCOS\dev\psoc4/platform.c **** 
 248              		.loc 1 80 0
 249              		@ sp needed
 250 0006 10BD     		pop	{r4, pc}
 251              		.cfi_endproc
 252              	.LFE48:
 253              		.size	ntohl, .-ntohl
 254              		.section	.text.htons,"ax",%progbits
 255              		.align	2
 256              		.global	htons
 257              		.code	16
 258              		.thumb_func
 259              		.type	htons, %function
 260              	htons:
 261              	.LFB51:
  89:RCOS\dev\psoc4/platform.c **** 
  90:RCOS\dev\psoc4/platform.c **** uint16_t ntohs(uint16_t _16)
  91:RCOS\dev\psoc4/platform.c **** {
  92:RCOS\dev\psoc4/platform.c ****     return htons(_16);
  93:RCOS\dev\psoc4/platform.c **** }
  94:RCOS\dev\psoc4/platform.c **** 
  95:RCOS\dev\psoc4/platform.c **** uint16_t htons(uint16_t _16)
  96:RCOS\dev\psoc4/platform.c **** {
 262              		.loc 1 96 0
 263              		.cfi_startproc
 264              		@ args = 0, pretend = 0, frame = 0
 265              		@ frame_needed = 0, uses_anonymous_args = 0
 266              		@ link register save eliminated.
 267              	.LVL11:
  97:RCOS\dev\psoc4/platform.c ****     return ((((_16)&0xfful) << 8) | (((_16)&0xff00ul) >> 8));
 268              		.loc 1 97 0
 269 0000 40BA     		rev16	r0, r0
 270              	.LVL12:
 271 0002 80B2     		uxth	r0, r0
  98:RCOS\dev\psoc4/platform.c **** }
 272              		.loc 1 98 0
 273              		@ sp needed
 274 0004 7047     		bx	lr
 275              		.cfi_endproc
 276              	.LFE51:
 277              		.size	htons, .-htons
 278 0006 C046     		.section	.text.ntohs,"ax",%progbits
 279              		.align	2
 280              		.global	ntohs
 281              		.code	16
 282              		.thumb_func
 283              		.type	ntohs, %function
 284              	ntohs:
 285              	.LFB50:
  91:RCOS\dev\psoc4/platform.c ****     return htons(_16);
 286              		.loc 1 91 0
 287              		.cfi_startproc
 288              		@ args = 0, pretend = 0, frame = 0
 289              		@ frame_needed = 0, uses_anonymous_args = 0
 290              	.LVL13:
ARM GAS  C:\Users\turan\AppData\Local\Temp\ccH9sbmL.s 			page 8


 291 0000 10B5     		push	{r4, lr}
 292              		.cfi_def_cfa_offset 8
 293              		.cfi_offset 4, -8
 294              		.cfi_offset 14, -4
  92:RCOS\dev\psoc4/platform.c **** }
 295              		.loc 1 92 0
 296 0002 FFF7FEFF 		bl	htons
 297              	.LVL14:
  93:RCOS\dev\psoc4/platform.c **** 
 298              		.loc 1 93 0
 299              		@ sp needed
 300 0006 10BD     		pop	{r4, pc}
 301              		.cfi_endproc
 302              	.LFE50:
 303              		.size	ntohs, .-ntohs
 304              		.section	.rodata
 305              		.align	2
 306              		.type	version.7031, %object
 307              		.size	version.7031, 8
 308              	version.7031:
 309 0000 00000000 		.word	.LC2
 310 0004 10000000 		.word	.LC3
 311              		.data
 312              		.align	2
 313              		.set	.LANCHOR0,. + 0
 314              		.type	versionItem.7032, %object
 315              		.size	versionItem.7032, 8
 316              	versionItem.7032:
 317 0000 00000000 		.space	4
 318 0004 00000000 		.word	version.7031
 319              		.section	.rodata.str1.4,"aMS",%progbits,1
 320              		.align	2
 321              	.LC2:
 322 0000 70736F63 		.ascii	"psoc4/platform\000"
 322      342F706C 
 322      6174666F 
 322      726D00
 323 000f 00       		.space	1
 324              	.LC3:
 325 0010 322E302E 		.ascii	"2.0.2\000"
 325      3200
 326              		.text
 327              	.Letext0:
 328              		.file 2 "c:\\program files (x86)\\cypress\\psoc creator\\4.4\\psoc creator\\import\\gnu\\arm\\5.4.
 329              		.file 3 "c:\\program files (x86)\\cypress\\psoc creator\\4.4\\psoc creator\\import\\gnu\\arm\\5.4.
 330              		.file 4 ".\\RCOS/libs/libs.h"
 331              		.file 5 ".\\RCOS/libs/list_sl.h"
 332              		.file 6 ".\\RCOS/libs/version.h"
 333              		.file 7 "Generated_Source\\PSoC4/core_cm0.h"
 334              		.file 8 ".\\RCOS/libs/bits.h"
 335              		.file 9 "Generated_Source\\PSoC4/CyLib.h"
 336              		.section	.debug_info,"",%progbits
 337              	.Ldebug_info0:
 338 0000 A8040000 		.4byte	0x4a8
 339 0004 0400     		.2byte	0x4
 340 0006 00000000 		.4byte	.Ldebug_abbrev0
 341 000a 04       		.byte	0x4
ARM GAS  C:\Users\turan\AppData\Local\Temp\ccH9sbmL.s 			page 9


 342 000b 01       		.uleb128 0x1
 343 000c A2000000 		.4byte	.LASF56
 344 0010 0C       		.byte	0xc
 345 0011 24000000 		.4byte	.LASF57
 346 0015 E7020000 		.4byte	.LASF58
 347 0019 00000000 		.4byte	.Ldebug_ranges0+0
 348 001d 00000000 		.4byte	0
 349 0021 00000000 		.4byte	.Ldebug_line0
 350 0025 02       		.uleb128 0x2
 351 0026 01       		.byte	0x1
 352 0027 06       		.byte	0x6
 353 0028 0A020000 		.4byte	.LASF0
 354 002c 03       		.uleb128 0x3
 355 002d A1010000 		.4byte	.LASF3
 356 0031 02       		.byte	0x2
 357 0032 1D       		.byte	0x1d
 358 0033 37000000 		.4byte	0x37
 359 0037 02       		.uleb128 0x2
 360 0038 01       		.byte	0x1
 361 0039 08       		.byte	0x8
 362 003a C6010000 		.4byte	.LASF1
 363 003e 02       		.uleb128 0x2
 364 003f 02       		.byte	0x2
 365 0040 05       		.byte	0x5
 366 0041 3E000000 		.4byte	.LASF2
 367 0045 03       		.uleb128 0x3
 368 0046 77000000 		.4byte	.LASF4
 369 004a 02       		.byte	0x2
 370 004b 2B       		.byte	0x2b
 371 004c 50000000 		.4byte	0x50
 372 0050 02       		.uleb128 0x2
 373 0051 02       		.byte	0x2
 374 0052 07       		.byte	0x7
 375 0053 5B020000 		.4byte	.LASF5
 376 0057 02       		.uleb128 0x2
 377 0058 04       		.byte	0x4
 378 0059 05       		.byte	0x5
 379 005a 88010000 		.4byte	.LASF6
 380 005e 03       		.uleb128 0x3
 381 005f 6C000000 		.4byte	.LASF7
 382 0063 02       		.byte	0x2
 383 0064 41       		.byte	0x41
 384 0065 69000000 		.4byte	0x69
 385 0069 02       		.uleb128 0x2
 386 006a 04       		.byte	0x4
 387 006b 07       		.byte	0x7
 388 006c A4020000 		.4byte	.LASF8
 389 0070 02       		.uleb128 0x2
 390 0071 08       		.byte	0x8
 391 0072 05       		.byte	0x5
 392 0073 66010000 		.4byte	.LASF9
 393 0077 02       		.uleb128 0x2
 394 0078 08       		.byte	0x8
 395 0079 07       		.byte	0x7
 396 007a 16020000 		.4byte	.LASF10
 397 007e 04       		.uleb128 0x4
 398 007f 04       		.byte	0x4
ARM GAS  C:\Users\turan\AppData\Local\Temp\ccH9sbmL.s 			page 10


 399 0080 05       		.byte	0x5
 400 0081 696E7400 		.ascii	"int\000"
 401 0085 02       		.uleb128 0x2
 402 0086 04       		.byte	0x4
 403 0087 07       		.byte	0x7
 404 0088 36020000 		.4byte	.LASF11
 405 008c 03       		.uleb128 0x3
 406 008d 30010000 		.4byte	.LASF12
 407 0091 03       		.byte	0x3
 408 0092 18       		.byte	0x18
 409 0093 2C000000 		.4byte	0x2c
 410 0097 03       		.uleb128 0x3
 411 0098 43020000 		.4byte	.LASF13
 412 009c 03       		.byte	0x3
 413 009d 24       		.byte	0x24
 414 009e 45000000 		.4byte	0x45
 415 00a2 03       		.uleb128 0x3
 416 00a3 2D020000 		.4byte	.LASF14
 417 00a7 03       		.byte	0x3
 418 00a8 30       		.byte	0x30
 419 00a9 5E000000 		.4byte	0x5e
 420 00ad 02       		.uleb128 0x2
 421 00ae 08       		.byte	0x8
 422 00af 04       		.byte	0x4
 423 00b0 60000000 		.4byte	.LASF15
 424 00b4 05       		.uleb128 0x5
 425 00b5 01       		.byte	0x1
 426 00b6 37000000 		.4byte	0x37
 427 00ba 04       		.byte	0x4
 428 00bb 19       		.byte	0x19
 429 00bc CD000000 		.4byte	0xcd
 430 00c0 06       		.uleb128 0x6
 431 00c1 2B030000 		.4byte	.LASF16
 432 00c5 01       		.byte	0x1
 433 00c6 06       		.uleb128 0x6
 434 00c7 1E000000 		.4byte	.LASF17
 435 00cb 00       		.byte	0
 436 00cc 00       		.byte	0
 437 00cd 03       		.uleb128 0x3
 438 00ce BD020000 		.4byte	.LASF18
 439 00d2 04       		.byte	0x4
 440 00d3 1C       		.byte	0x1c
 441 00d4 B4000000 		.4byte	0xb4
 442 00d8 07       		.uleb128 0x7
 443 00d9 D6020000 		.4byte	.LASF59
 444 00dd 04       		.byte	0x4
 445 00de 05       		.byte	0x5
 446 00df 3C       		.byte	0x3c
 447 00e0 F1000000 		.4byte	0xf1
 448 00e4 08       		.uleb128 0x8
 449 00e5 3A030000 		.4byte	.LASF20
 450 00e9 05       		.byte	0x5
 451 00ea 3E       		.byte	0x3e
 452 00eb F1000000 		.4byte	0xf1
 453 00ef 00       		.byte	0
 454 00f0 00       		.byte	0
 455 00f1 09       		.uleb128 0x9
ARM GAS  C:\Users\turan\AppData\Local\Temp\ccH9sbmL.s 			page 11


 456 00f2 04       		.byte	0x4
 457 00f3 D8000000 		.4byte	0xd8
 458 00f7 03       		.uleb128 0x3
 459 00f8 06000000 		.4byte	.LASF19
 460 00fc 05       		.byte	0x5
 461 00fd 3F       		.byte	0x3f
 462 00fe D8000000 		.4byte	0xd8
 463 0102 0A       		.uleb128 0xa
 464 0103 08       		.byte	0x8
 465 0104 05       		.byte	0x5
 466 0105 42       		.byte	0x42
 467 0106 23010000 		.4byte	0x123
 468 010a 08       		.uleb128 0x8
 469 010b 3A030000 		.4byte	.LASF20
 470 010f 05       		.byte	0x5
 471 0110 44       		.byte	0x44
 472 0111 23010000 		.4byte	0x123
 473 0115 00       		.byte	0
 474 0116 08       		.uleb128 0x8
 475 0117 E1020000 		.4byte	.LASF21
 476 011b 05       		.byte	0x5
 477 011c 45       		.byte	0x45
 478 011d A2000000 		.4byte	0xa2
 479 0121 04       		.byte	0x4
 480 0122 00       		.byte	0
 481 0123 09       		.uleb128 0x9
 482 0124 04       		.byte	0x4
 483 0125 F7000000 		.4byte	0xf7
 484 0129 03       		.uleb128 0x3
 485 012a 82010000 		.4byte	.LASF22
 486 012e 05       		.byte	0x5
 487 012f 46       		.byte	0x46
 488 0130 02010000 		.4byte	0x102
 489 0134 0A       		.uleb128 0xa
 490 0135 08       		.byte	0x8
 491 0136 06       		.byte	0x6
 492 0137 18       		.byte	0x18
 493 0138 55010000 		.4byte	0x155
 494 013c 08       		.uleb128 0x8
 495 013d BD010000 		.4byte	.LASF23
 496 0141 06       		.byte	0x6
 497 0142 1A       		.byte	0x1a
 498 0143 55010000 		.4byte	0x155
 499 0147 00       		.byte	0
 500 0148 08       		.uleb128 0x8
 501 0149 98020000 		.4byte	.LASF24
 502 014d 06       		.byte	0x6
 503 014e 1B       		.byte	0x1b
 504 014f 55010000 		.4byte	0x155
 505 0153 04       		.byte	0x4
 506 0154 00       		.byte	0
 507 0155 09       		.uleb128 0x9
 508 0156 04       		.byte	0x4
 509 0157 62010000 		.4byte	0x162
 510 015b 02       		.uleb128 0x2
 511 015c 01       		.byte	0x1
 512 015d 08       		.byte	0x8
ARM GAS  C:\Users\turan\AppData\Local\Temp\ccH9sbmL.s 			page 12


 513 015e 7A020000 		.4byte	.LASF25
 514 0162 0B       		.uleb128 0xb
 515 0163 5B010000 		.4byte	0x15b
 516 0167 03       		.uleb128 0x3
 517 0168 E5010000 		.4byte	.LASF26
 518 016c 06       		.byte	0x6
 519 016d 1C       		.byte	0x1c
 520 016e 34010000 		.4byte	0x134
 521 0172 0A       		.uleb128 0xa
 522 0173 08       		.byte	0x8
 523 0174 06       		.byte	0x6
 524 0175 1F       		.byte	0x1f
 525 0176 93010000 		.4byte	0x193
 526 017a 0C       		.uleb128 0xc
 527 017b 5F6C6900 		.ascii	"_li\000"
 528 017f 06       		.byte	0x6
 529 0180 21       		.byte	0x21
 530 0181 F7000000 		.4byte	0xf7
 531 0185 00       		.byte	0
 532 0186 08       		.uleb128 0x8
 533 0187 FE010000 		.4byte	.LASF27
 534 018b 06       		.byte	0x6
 535 018c 22       		.byte	0x22
 536 018d 93010000 		.4byte	0x193
 537 0191 04       		.byte	0x4
 538 0192 00       		.byte	0
 539 0193 09       		.uleb128 0x9
 540 0194 04       		.byte	0x4
 541 0195 99010000 		.4byte	0x199
 542 0199 0B       		.uleb128 0xb
 543 019a 67010000 		.4byte	0x167
 544 019e 03       		.uleb128 0x3
 545 019f AB010000 		.4byte	.LASF28
 546 01a3 06       		.byte	0x6
 547 01a4 23       		.byte	0x23
 548 01a5 72010000 		.4byte	0x172
 549 01a9 02       		.uleb128 0x2
 550 01aa 04       		.byte	0x4
 551 01ab 04       		.byte	0x4
 552 01ac 5B010000 		.4byte	.LASF29
 553 01b0 02       		.uleb128 0x2
 554 01b1 08       		.byte	0x8
 555 01b2 04       		.byte	0x4
 556 01b3 B6020000 		.4byte	.LASF30
 557 01b7 02       		.uleb128 0x2
 558 01b8 04       		.byte	0x4
 559 01b9 07       		.byte	0x7
 560 01ba 48000000 		.4byte	.LASF31
 561 01be 0D       		.uleb128 0xd
 562 01bf A2000000 		.4byte	0xa2
 563 01c3 0E       		.uleb128 0xe
 564 01c4 28       		.byte	0x28
 565 01c5 07       		.byte	0x7
 566 01c6 5301     		.2byte	0x153
 567 01c8 42020000 		.4byte	0x242
 568 01cc 0F       		.uleb128 0xf
 569 01cd 89000000 		.4byte	.LASF32
ARM GAS  C:\Users\turan\AppData\Local\Temp\ccH9sbmL.s 			page 13


 570 01d1 07       		.byte	0x7
 571 01d2 5501     		.2byte	0x155
 572 01d4 42020000 		.4byte	0x242
 573 01d8 00       		.byte	0
 574 01d9 0F       		.uleb128 0xf
 575 01da 61010000 		.4byte	.LASF33
 576 01de 07       		.byte	0x7
 577 01df 5601     		.2byte	0x156
 578 01e1 BE010000 		.4byte	0x1be
 579 01e5 04       		.byte	0x4
 580 01e6 0F       		.uleb128 0xf
 581 01e7 84020000 		.4byte	.LASF34
 582 01eb 07       		.byte	0x7
 583 01ec 5701     		.2byte	0x157
 584 01ee A2000000 		.4byte	0xa2
 585 01f2 08       		.byte	0x8
 586 01f3 0F       		.uleb128 0xf
 587 01f4 EF010000 		.4byte	.LASF35
 588 01f8 07       		.byte	0x7
 589 01f9 5801     		.2byte	0x158
 590 01fb BE010000 		.4byte	0x1be
 591 01ff 0C       		.byte	0xc
 592 0200 10       		.uleb128 0x10
 593 0201 53435200 		.ascii	"SCR\000"
 594 0205 07       		.byte	0x7
 595 0206 5901     		.2byte	0x159
 596 0208 BE010000 		.4byte	0x1be
 597 020c 10       		.byte	0x10
 598 020d 10       		.uleb128 0x10
 599 020e 43435200 		.ascii	"CCR\000"
 600 0212 07       		.byte	0x7
 601 0213 5A01     		.2byte	0x15a
 602 0215 BE010000 		.4byte	0x1be
 603 0219 14       		.byte	0x14
 604 021a 0F       		.uleb128 0xf
 605 021b 8E020000 		.4byte	.LASF36
 606 021f 07       		.byte	0x7
 607 0220 5B01     		.2byte	0x15b
 608 0222 A2000000 		.4byte	0xa2
 609 0226 18       		.byte	0x18
 610 0227 10       		.uleb128 0x10
 611 0228 53485000 		.ascii	"SHP\000"
 612 022c 07       		.byte	0x7
 613 022d 5C01     		.2byte	0x15c
 614 022f 57020000 		.4byte	0x257
 615 0233 1C       		.byte	0x1c
 616 0234 0F       		.uleb128 0xf
 617 0235 4C020000 		.4byte	.LASF37
 618 0239 07       		.byte	0x7
 619 023a 5D01     		.2byte	0x15d
 620 023c BE010000 		.4byte	0x1be
 621 0240 24       		.byte	0x24
 622 0241 00       		.byte	0
 623 0242 0B       		.uleb128 0xb
 624 0243 BE010000 		.4byte	0x1be
 625 0247 11       		.uleb128 0x11
 626 0248 BE010000 		.4byte	0x1be
ARM GAS  C:\Users\turan\AppData\Local\Temp\ccH9sbmL.s 			page 14


 627 024c 57020000 		.4byte	0x257
 628 0250 12       		.uleb128 0x12
 629 0251 B7010000 		.4byte	0x1b7
 630 0255 01       		.byte	0x1
 631 0256 00       		.byte	0
 632 0257 0D       		.uleb128 0xd
 633 0258 47020000 		.4byte	0x247
 634 025c 13       		.uleb128 0x13
 635 025d F5010000 		.4byte	.LASF38
 636 0261 07       		.byte	0x7
 637 0262 5E01     		.2byte	0x15e
 638 0264 C3010000 		.4byte	0x1c3
 639 0268 09       		.uleb128 0x9
 640 0269 04       		.byte	0x4
 641 026a 8C000000 		.4byte	0x8c
 642 026e 14       		.uleb128 0x14
 643 026f 44010000 		.4byte	.LASF41
 644 0273 01       		.byte	0x1
 645 0274 35       		.byte	0x35
 646 0275 00000000 		.4byte	.LFB44
 647 0279 04000000 		.4byte	.LFE44-.LFB44
 648 027d 01       		.uleb128 0x1
 649 027e 9C       		.byte	0x9c
 650 027f 15       		.uleb128 0x15
 651 0280 8F000000 		.4byte	.LASF43
 652 0284 01       		.byte	0x1
 653 0285 2E       		.byte	0x2e
 654 0286 00000000 		.4byte	.LFB43
 655 028a 18000000 		.4byte	.LFE43-.LFB43
 656 028e 01       		.uleb128 0x1
 657 028f 9C       		.byte	0x9c
 658 0290 F6020000 		.4byte	0x2f6
 659 0294 16       		.uleb128 0x16
 660 0295 02000000 		.4byte	.LBB2
 661 0299 08000000 		.4byte	.LBE2-.LBB2
 662 029d EC020000 		.4byte	0x2ec
 663 02a1 17       		.uleb128 0x17
 664 02a2 91010000 		.4byte	.LASF52
 665 02a6 01       		.byte	0x1
 666 02a7 30       		.byte	0x30
 667 02a8 29010000 		.4byte	0x129
 668 02ac 18       		.uleb128 0x18
 669 02ad 02000000 		.4byte	.LBB3
 670 02b1 08000000 		.4byte	.LBE3-.LBB3
 671 02b5 19       		.uleb128 0x19
 672 02b6 10000000 		.4byte	.LASF39
 673 02ba 01       		.byte	0x1
 674 02bb 30       		.byte	0x30
 675 02bc 99010000 		.4byte	0x199
 676 02c0 05       		.uleb128 0x5
 677 02c1 03       		.byte	0x3
 678 02c2 00000000 		.4byte	version.7031
 679 02c6 19       		.uleb128 0x19
 680 02c7 6E020000 		.4byte	.LASF40
 681 02cb 01       		.byte	0x1
 682 02cc 30       		.byte	0x30
 683 02cd 9E010000 		.4byte	0x19e
ARM GAS  C:\Users\turan\AppData\Local\Temp\ccH9sbmL.s 			page 15


 684 02d1 05       		.uleb128 0x5
 685 02d2 03       		.byte	0x3
 686 02d3 00000000 		.4byte	versionItem.7032
 687 02d7 1A       		.uleb128 0x1a
 688 02d8 0A000000 		.4byte	.LVL0
 689 02dc 8C040000 		.4byte	0x48c
 690 02e0 1B       		.uleb128 0x1b
 691 02e1 01       		.uleb128 0x1
 692 02e2 51       		.byte	0x51
 693 02e3 05       		.uleb128 0x5
 694 02e4 03       		.byte	0x3
 695 02e5 00000000 		.4byte	.LANCHOR0
 696 02e9 00       		.byte	0
 697 02ea 00       		.byte	0
 698 02eb 00       		.byte	0
 699 02ec 1C       		.uleb128 0x1c
 700 02ed 0E000000 		.4byte	.LVL1
 701 02f1 6E020000 		.4byte	0x26e
 702 02f5 00       		.byte	0
 703 02f6 14       		.uleb128 0x14
 704 02f7 D4010000 		.4byte	.LASF42
 705 02fb 01       		.byte	0x1
 706 02fc 3A       		.byte	0x3a
 707 02fd 00000000 		.4byte	.LFB45
 708 0301 04000000 		.4byte	.LFE45-.LFB45
 709 0305 01       		.uleb128 0x1
 710 0306 9C       		.byte	0x9c
 711 0307 1D       		.uleb128 0x1d
 712 0308 C4020000 		.4byte	.LASF60
 713 030c 01       		.byte	0x1
 714 030d 3F       		.byte	0x3f
 715 030e CD000000 		.4byte	0xcd
 716 0312 00000000 		.4byte	.LFB46
 717 0316 14000000 		.4byte	.LFE46-.LFB46
 718 031a 01       		.uleb128 0x1
 719 031b 9C       		.byte	0x9c
 720 031c 15       		.uleb128 0x15
 721 031d 30030000 		.4byte	.LASF44
 722 0321 01       		.byte	0x1
 723 0322 45       		.byte	0x45
 724 0323 00000000 		.4byte	.LFB47
 725 0327 1C000000 		.4byte	.LFE47-.LFB47
 726 032b 01       		.uleb128 0x1
 727 032c 9C       		.byte	0x9c
 728 032d 8E030000 		.4byte	0x38e
 729 0331 1E       		.uleb128 0x1e
 730 0332 70747200 		.ascii	"ptr\000"
 731 0336 01       		.byte	0x1
 732 0337 45       		.byte	0x45
 733 0338 68020000 		.4byte	0x268
 734 033c 00000000 		.4byte	.LLST0
 735 0340 1F       		.uleb128 0x1f
 736 0341 54010000 		.4byte	.LASF45
 737 0345 01       		.byte	0x1
 738 0346 45       		.byte	0x45
 739 0347 8C000000 		.4byte	0x8c
 740 034b 2C000000 		.4byte	.LLST1
ARM GAS  C:\Users\turan\AppData\Local\Temp\ccH9sbmL.s 			page 16


 741 034f 19       		.uleb128 0x19
 742 0350 52020000 		.4byte	.LASF46
 743 0354 01       		.byte	0x1
 744 0355 47       		.byte	0x47
 745 0356 8E030000 		.4byte	0x38e
 746 035a 02       		.uleb128 0x2
 747 035b 91       		.byte	0x91
 748 035c 68       		.sleb128 -24
 749 035d 20       		.uleb128 0x20
 750 035e 0E000000 		.4byte	.LVL4
 751 0362 97040000 		.4byte	0x497
 752 0366 71030000 		.4byte	0x371
 753 036a 1B       		.uleb128 0x1b
 754 036b 01       		.uleb128 0x1
 755 036c 50       		.byte	0x50
 756 036d 02       		.uleb128 0x2
 757 036e 7D       		.byte	0x7d
 758 036f 00       		.sleb128 0
 759 0370 00       		.byte	0
 760 0371 1A       		.uleb128 0x1a
 761 0372 18000000 		.4byte	.LVL5
 762 0376 A2040000 		.4byte	0x4a2
 763 037a 1B       		.uleb128 0x1b
 764 037b 01       		.uleb128 0x1
 765 037c 50       		.byte	0x50
 766 037d 02       		.uleb128 0x2
 767 037e 74       		.byte	0x74
 768 037f 00       		.sleb128 0
 769 0380 1B       		.uleb128 0x1b
 770 0381 01       		.uleb128 0x1
 771 0382 51       		.byte	0x51
 772 0383 02       		.uleb128 0x2
 773 0384 7D       		.byte	0x7d
 774 0385 00       		.sleb128 0
 775 0386 1B       		.uleb128 0x1b
 776 0387 01       		.uleb128 0x1
 777 0388 52       		.byte	0x52
 778 0389 02       		.uleb128 0x2
 779 038a 75       		.byte	0x75
 780 038b 00       		.sleb128 0
 781 038c 00       		.byte	0
 782 038d 00       		.byte	0
 783 038e 11       		.uleb128 0x11
 784 038f 8C000000 		.4byte	0x8c
 785 0393 9E030000 		.4byte	0x39e
 786 0397 12       		.uleb128 0x12
 787 0398 B7010000 		.4byte	0x1b7
 788 039c 07       		.byte	0x7
 789 039d 00       		.byte	0
 790 039e 21       		.uleb128 0x21
 791 039f D0020000 		.4byte	.LASF47
 792 03a3 01       		.byte	0x1
 793 03a4 52       		.byte	0x52
 794 03a5 A2000000 		.4byte	0xa2
 795 03a9 00000000 		.4byte	.LFB49
 796 03ad 22000000 		.4byte	.LFE49-.LFB49
 797 03b1 01       		.uleb128 0x1
ARM GAS  C:\Users\turan\AppData\Local\Temp\ccH9sbmL.s 			page 17


 798 03b2 9C       		.byte	0x9c
 799 03b3 C7030000 		.4byte	0x3c7
 800 03b7 1E       		.uleb128 0x1e
 801 03b8 5F333200 		.ascii	"_32\000"
 802 03bc 01       		.byte	0x1
 803 03bd 52       		.byte	0x52
 804 03be A2000000 		.4byte	0xa2
 805 03c2 4D000000 		.4byte	.LLST2
 806 03c6 00       		.byte	0
 807 03c7 21       		.uleb128 0x21
 808 03c8 00000000 		.4byte	.LASF48
 809 03cc 01       		.byte	0x1
 810 03cd 4D       		.byte	0x4d
 811 03ce A2000000 		.4byte	0xa2
 812 03d2 00000000 		.4byte	.LFB48
 813 03d6 08000000 		.4byte	.LFE48-.LFB48
 814 03da 01       		.uleb128 0x1
 815 03db 9C       		.byte	0x9c
 816 03dc 01040000 		.4byte	0x401
 817 03e0 1F       		.uleb128 0x1f
 818 03e1 7F020000 		.4byte	.LASF49
 819 03e5 01       		.byte	0x1
 820 03e6 4D       		.byte	0x4d
 821 03e7 A2000000 		.4byte	0xa2
 822 03eb 6E000000 		.4byte	.LLST3
 823 03ef 1A       		.uleb128 0x1a
 824 03f0 06000000 		.4byte	.LVL10
 825 03f4 9E030000 		.4byte	0x39e
 826 03f8 1B       		.uleb128 0x1b
 827 03f9 01       		.uleb128 0x1
 828 03fa 50       		.byte	0x50
 829 03fb 03       		.uleb128 0x3
 830 03fc F3       		.byte	0xf3
 831 03fd 01       		.uleb128 0x1
 832 03fe 50       		.byte	0x50
 833 03ff 00       		.byte	0
 834 0400 00       		.byte	0
 835 0401 21       		.uleb128 0x21
 836 0402 9C000000 		.4byte	.LASF50
 837 0406 01       		.byte	0x1
 838 0407 5F       		.byte	0x5f
 839 0408 97000000 		.4byte	0x97
 840 040c 00000000 		.4byte	.LFB51
 841 0410 06000000 		.4byte	.LFE51-.LFB51
 842 0414 01       		.uleb128 0x1
 843 0415 9C       		.byte	0x9c
 844 0416 2A040000 		.4byte	0x42a
 845 041a 1E       		.uleb128 0x1e
 846 041b 5F313600 		.ascii	"_16\000"
 847 041f 01       		.byte	0x1
 848 0420 5F       		.byte	0x5f
 849 0421 97000000 		.4byte	0x97
 850 0425 8F000000 		.4byte	.LLST4
 851 0429 00       		.byte	0
 852 042a 21       		.uleb128 0x21
 853 042b 18000000 		.4byte	.LASF51
 854 042f 01       		.byte	0x1
ARM GAS  C:\Users\turan\AppData\Local\Temp\ccH9sbmL.s 			page 18


 855 0430 5A       		.byte	0x5a
 856 0431 97000000 		.4byte	0x97
 857 0435 00000000 		.4byte	.LFB50
 858 0439 08000000 		.4byte	.LFE50-.LFB50
 859 043d 01       		.uleb128 0x1
 860 043e 9C       		.byte	0x9c
 861 043f 5C040000 		.4byte	0x45c
 862 0443 1E       		.uleb128 0x1e
 863 0444 5F313600 		.ascii	"_16\000"
 864 0448 01       		.byte	0x1
 865 0449 5A       		.byte	0x5a
 866 044a 97000000 		.4byte	0x97
 867 044e B0000000 		.4byte	.LLST5
 868 0452 1C       		.uleb128 0x1c
 869 0453 06000000 		.4byte	.LVL14
 870 0457 01040000 		.4byte	0x401
 871 045b 00       		.byte	0
 872 045c 11       		.uleb128 0x11
 873 045d 6C040000 		.4byte	0x46c
 874 0461 6C040000 		.4byte	0x46c
 875 0465 12       		.uleb128 0x12
 876 0466 B7010000 		.4byte	0x1b7
 877 046a FF       		.byte	0xff
 878 046b 00       		.byte	0
 879 046c 0B       		.uleb128 0xb
 880 046d 8C000000 		.4byte	0x8c
 881 0471 17       		.uleb128 0x17
 882 0472 38010000 		.4byte	.LASF53
 883 0476 08       		.byte	0x8
 884 0477 5A       		.byte	0x5a
 885 0478 7C040000 		.4byte	0x47c
 886 047c 0B       		.uleb128 0xb
 887 047d 5C040000 		.4byte	0x45c
 888 0481 17       		.uleb128 0x17
 889 0482 91010000 		.4byte	.LASF52
 890 0486 01       		.byte	0x1
 891 0487 30       		.byte	0x30
 892 0488 29010000 		.4byte	0x129
 893 048c 22       		.uleb128 0x22
 894 048d 51000000 		.4byte	.LASF54
 895 0491 51000000 		.4byte	.LASF54
 896 0495 06       		.byte	0x6
 897 0496 4A       		.byte	0x4a
 898 0497 22       		.uleb128 0x22
 899 0498 74010000 		.4byte	.LASF55
 900 049c 74010000 		.4byte	.LASF55
 901 04a0 09       		.byte	0x9
 902 04a1 FC       		.byte	0xfc
 903 04a2 23       		.uleb128 0x23
 904 04a3 82000000 		.4byte	.LASF61
 905 04a7 82000000 		.4byte	.LASF61
 906 04ab 00       		.byte	0
 907              		.section	.debug_abbrev,"",%progbits
 908              	.Ldebug_abbrev0:
 909 0000 01       		.uleb128 0x1
 910 0001 11       		.uleb128 0x11
 911 0002 01       		.byte	0x1
ARM GAS  C:\Users\turan\AppData\Local\Temp\ccH9sbmL.s 			page 19


 912 0003 25       		.uleb128 0x25
 913 0004 0E       		.uleb128 0xe
 914 0005 13       		.uleb128 0x13
 915 0006 0B       		.uleb128 0xb
 916 0007 03       		.uleb128 0x3
 917 0008 0E       		.uleb128 0xe
 918 0009 1B       		.uleb128 0x1b
 919 000a 0E       		.uleb128 0xe
 920 000b 55       		.uleb128 0x55
 921 000c 17       		.uleb128 0x17
 922 000d 11       		.uleb128 0x11
 923 000e 01       		.uleb128 0x1
 924 000f 10       		.uleb128 0x10
 925 0010 17       		.uleb128 0x17
 926 0011 00       		.byte	0
 927 0012 00       		.byte	0
 928 0013 02       		.uleb128 0x2
 929 0014 24       		.uleb128 0x24
 930 0015 00       		.byte	0
 931 0016 0B       		.uleb128 0xb
 932 0017 0B       		.uleb128 0xb
 933 0018 3E       		.uleb128 0x3e
 934 0019 0B       		.uleb128 0xb
 935 001a 03       		.uleb128 0x3
 936 001b 0E       		.uleb128 0xe
 937 001c 00       		.byte	0
 938 001d 00       		.byte	0
 939 001e 03       		.uleb128 0x3
 940 001f 16       		.uleb128 0x16
 941 0020 00       		.byte	0
 942 0021 03       		.uleb128 0x3
 943 0022 0E       		.uleb128 0xe
 944 0023 3A       		.uleb128 0x3a
 945 0024 0B       		.uleb128 0xb
 946 0025 3B       		.uleb128 0x3b
 947 0026 0B       		.uleb128 0xb
 948 0027 49       		.uleb128 0x49
 949 0028 13       		.uleb128 0x13
 950 0029 00       		.byte	0
 951 002a 00       		.byte	0
 952 002b 04       		.uleb128 0x4
 953 002c 24       		.uleb128 0x24
 954 002d 00       		.byte	0
 955 002e 0B       		.uleb128 0xb
 956 002f 0B       		.uleb128 0xb
 957 0030 3E       		.uleb128 0x3e
 958 0031 0B       		.uleb128 0xb
 959 0032 03       		.uleb128 0x3
 960 0033 08       		.uleb128 0x8
 961 0034 00       		.byte	0
 962 0035 00       		.byte	0
 963 0036 05       		.uleb128 0x5
 964 0037 04       		.uleb128 0x4
 965 0038 01       		.byte	0x1
 966 0039 0B       		.uleb128 0xb
 967 003a 0B       		.uleb128 0xb
 968 003b 49       		.uleb128 0x49
ARM GAS  C:\Users\turan\AppData\Local\Temp\ccH9sbmL.s 			page 20


 969 003c 13       		.uleb128 0x13
 970 003d 3A       		.uleb128 0x3a
 971 003e 0B       		.uleb128 0xb
 972 003f 3B       		.uleb128 0x3b
 973 0040 0B       		.uleb128 0xb
 974 0041 01       		.uleb128 0x1
 975 0042 13       		.uleb128 0x13
 976 0043 00       		.byte	0
 977 0044 00       		.byte	0
 978 0045 06       		.uleb128 0x6
 979 0046 28       		.uleb128 0x28
 980 0047 00       		.byte	0
 981 0048 03       		.uleb128 0x3
 982 0049 0E       		.uleb128 0xe
 983 004a 1C       		.uleb128 0x1c
 984 004b 0B       		.uleb128 0xb
 985 004c 00       		.byte	0
 986 004d 00       		.byte	0
 987 004e 07       		.uleb128 0x7
 988 004f 13       		.uleb128 0x13
 989 0050 01       		.byte	0x1
 990 0051 03       		.uleb128 0x3
 991 0052 0E       		.uleb128 0xe
 992 0053 0B       		.uleb128 0xb
 993 0054 0B       		.uleb128 0xb
 994 0055 3A       		.uleb128 0x3a
 995 0056 0B       		.uleb128 0xb
 996 0057 3B       		.uleb128 0x3b
 997 0058 0B       		.uleb128 0xb
 998 0059 01       		.uleb128 0x1
 999 005a 13       		.uleb128 0x13
 1000 005b 00       		.byte	0
 1001 005c 00       		.byte	0
 1002 005d 08       		.uleb128 0x8
 1003 005e 0D       		.uleb128 0xd
 1004 005f 00       		.byte	0
 1005 0060 03       		.uleb128 0x3
 1006 0061 0E       		.uleb128 0xe
 1007 0062 3A       		.uleb128 0x3a
 1008 0063 0B       		.uleb128 0xb
 1009 0064 3B       		.uleb128 0x3b
 1010 0065 0B       		.uleb128 0xb
 1011 0066 49       		.uleb128 0x49
 1012 0067 13       		.uleb128 0x13
 1013 0068 38       		.uleb128 0x38
 1014 0069 0B       		.uleb128 0xb
 1015 006a 00       		.byte	0
 1016 006b 00       		.byte	0
 1017 006c 09       		.uleb128 0x9
 1018 006d 0F       		.uleb128 0xf
 1019 006e 00       		.byte	0
 1020 006f 0B       		.uleb128 0xb
 1021 0070 0B       		.uleb128 0xb
 1022 0071 49       		.uleb128 0x49
 1023 0072 13       		.uleb128 0x13
 1024 0073 00       		.byte	0
 1025 0074 00       		.byte	0
ARM GAS  C:\Users\turan\AppData\Local\Temp\ccH9sbmL.s 			page 21


 1026 0075 0A       		.uleb128 0xa
 1027 0076 13       		.uleb128 0x13
 1028 0077 01       		.byte	0x1
 1029 0078 0B       		.uleb128 0xb
 1030 0079 0B       		.uleb128 0xb
 1031 007a 3A       		.uleb128 0x3a
 1032 007b 0B       		.uleb128 0xb
 1033 007c 3B       		.uleb128 0x3b
 1034 007d 0B       		.uleb128 0xb
 1035 007e 01       		.uleb128 0x1
 1036 007f 13       		.uleb128 0x13
 1037 0080 00       		.byte	0
 1038 0081 00       		.byte	0
 1039 0082 0B       		.uleb128 0xb
 1040 0083 26       		.uleb128 0x26
 1041 0084 00       		.byte	0
 1042 0085 49       		.uleb128 0x49
 1043 0086 13       		.uleb128 0x13
 1044 0087 00       		.byte	0
 1045 0088 00       		.byte	0
 1046 0089 0C       		.uleb128 0xc
 1047 008a 0D       		.uleb128 0xd
 1048 008b 00       		.byte	0
 1049 008c 03       		.uleb128 0x3
 1050 008d 08       		.uleb128 0x8
 1051 008e 3A       		.uleb128 0x3a
 1052 008f 0B       		.uleb128 0xb
 1053 0090 3B       		.uleb128 0x3b
 1054 0091 0B       		.uleb128 0xb
 1055 0092 49       		.uleb128 0x49
 1056 0093 13       		.uleb128 0x13
 1057 0094 38       		.uleb128 0x38
 1058 0095 0B       		.uleb128 0xb
 1059 0096 00       		.byte	0
 1060 0097 00       		.byte	0
 1061 0098 0D       		.uleb128 0xd
 1062 0099 35       		.uleb128 0x35
 1063 009a 00       		.byte	0
 1064 009b 49       		.uleb128 0x49
 1065 009c 13       		.uleb128 0x13
 1066 009d 00       		.byte	0
 1067 009e 00       		.byte	0
 1068 009f 0E       		.uleb128 0xe
 1069 00a0 13       		.uleb128 0x13
 1070 00a1 01       		.byte	0x1
 1071 00a2 0B       		.uleb128 0xb
 1072 00a3 0B       		.uleb128 0xb
 1073 00a4 3A       		.uleb128 0x3a
 1074 00a5 0B       		.uleb128 0xb
 1075 00a6 3B       		.uleb128 0x3b
 1076 00a7 05       		.uleb128 0x5
 1077 00a8 01       		.uleb128 0x1
 1078 00a9 13       		.uleb128 0x13
 1079 00aa 00       		.byte	0
 1080 00ab 00       		.byte	0
 1081 00ac 0F       		.uleb128 0xf
 1082 00ad 0D       		.uleb128 0xd
ARM GAS  C:\Users\turan\AppData\Local\Temp\ccH9sbmL.s 			page 22


 1083 00ae 00       		.byte	0
 1084 00af 03       		.uleb128 0x3
 1085 00b0 0E       		.uleb128 0xe
 1086 00b1 3A       		.uleb128 0x3a
 1087 00b2 0B       		.uleb128 0xb
 1088 00b3 3B       		.uleb128 0x3b
 1089 00b4 05       		.uleb128 0x5
 1090 00b5 49       		.uleb128 0x49
 1091 00b6 13       		.uleb128 0x13
 1092 00b7 38       		.uleb128 0x38
 1093 00b8 0B       		.uleb128 0xb
 1094 00b9 00       		.byte	0
 1095 00ba 00       		.byte	0
 1096 00bb 10       		.uleb128 0x10
 1097 00bc 0D       		.uleb128 0xd
 1098 00bd 00       		.byte	0
 1099 00be 03       		.uleb128 0x3
 1100 00bf 08       		.uleb128 0x8
 1101 00c0 3A       		.uleb128 0x3a
 1102 00c1 0B       		.uleb128 0xb
 1103 00c2 3B       		.uleb128 0x3b
 1104 00c3 05       		.uleb128 0x5
 1105 00c4 49       		.uleb128 0x49
 1106 00c5 13       		.uleb128 0x13
 1107 00c6 38       		.uleb128 0x38
 1108 00c7 0B       		.uleb128 0xb
 1109 00c8 00       		.byte	0
 1110 00c9 00       		.byte	0
 1111 00ca 11       		.uleb128 0x11
 1112 00cb 01       		.uleb128 0x1
 1113 00cc 01       		.byte	0x1
 1114 00cd 49       		.uleb128 0x49
 1115 00ce 13       		.uleb128 0x13
 1116 00cf 01       		.uleb128 0x1
 1117 00d0 13       		.uleb128 0x13
 1118 00d1 00       		.byte	0
 1119 00d2 00       		.byte	0
 1120 00d3 12       		.uleb128 0x12
 1121 00d4 21       		.uleb128 0x21
 1122 00d5 00       		.byte	0
 1123 00d6 49       		.uleb128 0x49
 1124 00d7 13       		.uleb128 0x13
 1125 00d8 2F       		.uleb128 0x2f
 1126 00d9 0B       		.uleb128 0xb
 1127 00da 00       		.byte	0
 1128 00db 00       		.byte	0
 1129 00dc 13       		.uleb128 0x13
 1130 00dd 16       		.uleb128 0x16
 1131 00de 00       		.byte	0
 1132 00df 03       		.uleb128 0x3
 1133 00e0 0E       		.uleb128 0xe
 1134 00e1 3A       		.uleb128 0x3a
 1135 00e2 0B       		.uleb128 0xb
 1136 00e3 3B       		.uleb128 0x3b
 1137 00e4 05       		.uleb128 0x5
 1138 00e5 49       		.uleb128 0x49
 1139 00e6 13       		.uleb128 0x13
ARM GAS  C:\Users\turan\AppData\Local\Temp\ccH9sbmL.s 			page 23


 1140 00e7 00       		.byte	0
 1141 00e8 00       		.byte	0
 1142 00e9 14       		.uleb128 0x14
 1143 00ea 2E       		.uleb128 0x2e
 1144 00eb 00       		.byte	0
 1145 00ec 3F       		.uleb128 0x3f
 1146 00ed 19       		.uleb128 0x19
 1147 00ee 03       		.uleb128 0x3
 1148 00ef 0E       		.uleb128 0xe
 1149 00f0 3A       		.uleb128 0x3a
 1150 00f1 0B       		.uleb128 0xb
 1151 00f2 3B       		.uleb128 0x3b
 1152 00f3 0B       		.uleb128 0xb
 1153 00f4 27       		.uleb128 0x27
 1154 00f5 19       		.uleb128 0x19
 1155 00f6 11       		.uleb128 0x11
 1156 00f7 01       		.uleb128 0x1
 1157 00f8 12       		.uleb128 0x12
 1158 00f9 06       		.uleb128 0x6
 1159 00fa 40       		.uleb128 0x40
 1160 00fb 18       		.uleb128 0x18
 1161 00fc 9742     		.uleb128 0x2117
 1162 00fe 19       		.uleb128 0x19
 1163 00ff 00       		.byte	0
 1164 0100 00       		.byte	0
 1165 0101 15       		.uleb128 0x15
 1166 0102 2E       		.uleb128 0x2e
 1167 0103 01       		.byte	0x1
 1168 0104 3F       		.uleb128 0x3f
 1169 0105 19       		.uleb128 0x19
 1170 0106 03       		.uleb128 0x3
 1171 0107 0E       		.uleb128 0xe
 1172 0108 3A       		.uleb128 0x3a
 1173 0109 0B       		.uleb128 0xb
 1174 010a 3B       		.uleb128 0x3b
 1175 010b 0B       		.uleb128 0xb
 1176 010c 27       		.uleb128 0x27
 1177 010d 19       		.uleb128 0x19
 1178 010e 11       		.uleb128 0x11
 1179 010f 01       		.uleb128 0x1
 1180 0110 12       		.uleb128 0x12
 1181 0111 06       		.uleb128 0x6
 1182 0112 40       		.uleb128 0x40
 1183 0113 18       		.uleb128 0x18
 1184 0114 9742     		.uleb128 0x2117
 1185 0116 19       		.uleb128 0x19
 1186 0117 01       		.uleb128 0x1
 1187 0118 13       		.uleb128 0x13
 1188 0119 00       		.byte	0
 1189 011a 00       		.byte	0
 1190 011b 16       		.uleb128 0x16
 1191 011c 0B       		.uleb128 0xb
 1192 011d 01       		.byte	0x1
 1193 011e 11       		.uleb128 0x11
 1194 011f 01       		.uleb128 0x1
 1195 0120 12       		.uleb128 0x12
 1196 0121 06       		.uleb128 0x6
ARM GAS  C:\Users\turan\AppData\Local\Temp\ccH9sbmL.s 			page 24


 1197 0122 01       		.uleb128 0x1
 1198 0123 13       		.uleb128 0x13
 1199 0124 00       		.byte	0
 1200 0125 00       		.byte	0
 1201 0126 17       		.uleb128 0x17
 1202 0127 34       		.uleb128 0x34
 1203 0128 00       		.byte	0
 1204 0129 03       		.uleb128 0x3
 1205 012a 0E       		.uleb128 0xe
 1206 012b 3A       		.uleb128 0x3a
 1207 012c 0B       		.uleb128 0xb
 1208 012d 3B       		.uleb128 0x3b
 1209 012e 0B       		.uleb128 0xb
 1210 012f 49       		.uleb128 0x49
 1211 0130 13       		.uleb128 0x13
 1212 0131 3F       		.uleb128 0x3f
 1213 0132 19       		.uleb128 0x19
 1214 0133 3C       		.uleb128 0x3c
 1215 0134 19       		.uleb128 0x19
 1216 0135 00       		.byte	0
 1217 0136 00       		.byte	0
 1218 0137 18       		.uleb128 0x18
 1219 0138 0B       		.uleb128 0xb
 1220 0139 01       		.byte	0x1
 1221 013a 11       		.uleb128 0x11
 1222 013b 01       		.uleb128 0x1
 1223 013c 12       		.uleb128 0x12
 1224 013d 06       		.uleb128 0x6
 1225 013e 00       		.byte	0
 1226 013f 00       		.byte	0
 1227 0140 19       		.uleb128 0x19
 1228 0141 34       		.uleb128 0x34
 1229 0142 00       		.byte	0
 1230 0143 03       		.uleb128 0x3
 1231 0144 0E       		.uleb128 0xe
 1232 0145 3A       		.uleb128 0x3a
 1233 0146 0B       		.uleb128 0xb
 1234 0147 3B       		.uleb128 0x3b
 1235 0148 0B       		.uleb128 0xb
 1236 0149 49       		.uleb128 0x49
 1237 014a 13       		.uleb128 0x13
 1238 014b 02       		.uleb128 0x2
 1239 014c 18       		.uleb128 0x18
 1240 014d 00       		.byte	0
 1241 014e 00       		.byte	0
 1242 014f 1A       		.uleb128 0x1a
 1243 0150 898201   		.uleb128 0x4109
 1244 0153 01       		.byte	0x1
 1245 0154 11       		.uleb128 0x11
 1246 0155 01       		.uleb128 0x1
 1247 0156 31       		.uleb128 0x31
 1248 0157 13       		.uleb128 0x13
 1249 0158 00       		.byte	0
 1250 0159 00       		.byte	0
 1251 015a 1B       		.uleb128 0x1b
 1252 015b 8A8201   		.uleb128 0x410a
 1253 015e 00       		.byte	0
ARM GAS  C:\Users\turan\AppData\Local\Temp\ccH9sbmL.s 			page 25


 1254 015f 02       		.uleb128 0x2
 1255 0160 18       		.uleb128 0x18
 1256 0161 9142     		.uleb128 0x2111
 1257 0163 18       		.uleb128 0x18
 1258 0164 00       		.byte	0
 1259 0165 00       		.byte	0
 1260 0166 1C       		.uleb128 0x1c
 1261 0167 898201   		.uleb128 0x4109
 1262 016a 00       		.byte	0
 1263 016b 11       		.uleb128 0x11
 1264 016c 01       		.uleb128 0x1
 1265 016d 31       		.uleb128 0x31
 1266 016e 13       		.uleb128 0x13
 1267 016f 00       		.byte	0
 1268 0170 00       		.byte	0
 1269 0171 1D       		.uleb128 0x1d
 1270 0172 2E       		.uleb128 0x2e
 1271 0173 00       		.byte	0
 1272 0174 3F       		.uleb128 0x3f
 1273 0175 19       		.uleb128 0x19
 1274 0176 03       		.uleb128 0x3
 1275 0177 0E       		.uleb128 0xe
 1276 0178 3A       		.uleb128 0x3a
 1277 0179 0B       		.uleb128 0xb
 1278 017a 3B       		.uleb128 0x3b
 1279 017b 0B       		.uleb128 0xb
 1280 017c 27       		.uleb128 0x27
 1281 017d 19       		.uleb128 0x19
 1282 017e 49       		.uleb128 0x49
 1283 017f 13       		.uleb128 0x13
 1284 0180 11       		.uleb128 0x11
 1285 0181 01       		.uleb128 0x1
 1286 0182 12       		.uleb128 0x12
 1287 0183 06       		.uleb128 0x6
 1288 0184 40       		.uleb128 0x40
 1289 0185 18       		.uleb128 0x18
 1290 0186 9742     		.uleb128 0x2117
 1291 0188 19       		.uleb128 0x19
 1292 0189 00       		.byte	0
 1293 018a 00       		.byte	0
 1294 018b 1E       		.uleb128 0x1e
 1295 018c 05       		.uleb128 0x5
 1296 018d 00       		.byte	0
 1297 018e 03       		.uleb128 0x3
 1298 018f 08       		.uleb128 0x8
 1299 0190 3A       		.uleb128 0x3a
 1300 0191 0B       		.uleb128 0xb
 1301 0192 3B       		.uleb128 0x3b
 1302 0193 0B       		.uleb128 0xb
 1303 0194 49       		.uleb128 0x49
 1304 0195 13       		.uleb128 0x13
 1305 0196 02       		.uleb128 0x2
 1306 0197 17       		.uleb128 0x17
 1307 0198 00       		.byte	0
 1308 0199 00       		.byte	0
 1309 019a 1F       		.uleb128 0x1f
 1310 019b 05       		.uleb128 0x5
ARM GAS  C:\Users\turan\AppData\Local\Temp\ccH9sbmL.s 			page 26


 1311 019c 00       		.byte	0
 1312 019d 03       		.uleb128 0x3
 1313 019e 0E       		.uleb128 0xe
 1314 019f 3A       		.uleb128 0x3a
 1315 01a0 0B       		.uleb128 0xb
 1316 01a1 3B       		.uleb128 0x3b
 1317 01a2 0B       		.uleb128 0xb
 1318 01a3 49       		.uleb128 0x49
 1319 01a4 13       		.uleb128 0x13
 1320 01a5 02       		.uleb128 0x2
 1321 01a6 17       		.uleb128 0x17
 1322 01a7 00       		.byte	0
 1323 01a8 00       		.byte	0
 1324 01a9 20       		.uleb128 0x20
 1325 01aa 898201   		.uleb128 0x4109
 1326 01ad 01       		.byte	0x1
 1327 01ae 11       		.uleb128 0x11
 1328 01af 01       		.uleb128 0x1
 1329 01b0 31       		.uleb128 0x31
 1330 01b1 13       		.uleb128 0x13
 1331 01b2 01       		.uleb128 0x1
 1332 01b3 13       		.uleb128 0x13
 1333 01b4 00       		.byte	0
 1334 01b5 00       		.byte	0
 1335 01b6 21       		.uleb128 0x21
 1336 01b7 2E       		.uleb128 0x2e
 1337 01b8 01       		.byte	0x1
 1338 01b9 3F       		.uleb128 0x3f
 1339 01ba 19       		.uleb128 0x19
 1340 01bb 03       		.uleb128 0x3
 1341 01bc 0E       		.uleb128 0xe
 1342 01bd 3A       		.uleb128 0x3a
 1343 01be 0B       		.uleb128 0xb
 1344 01bf 3B       		.uleb128 0x3b
 1345 01c0 0B       		.uleb128 0xb
 1346 01c1 27       		.uleb128 0x27
 1347 01c2 19       		.uleb128 0x19
 1348 01c3 49       		.uleb128 0x49
 1349 01c4 13       		.uleb128 0x13
 1350 01c5 11       		.uleb128 0x11
 1351 01c6 01       		.uleb128 0x1
 1352 01c7 12       		.uleb128 0x12
 1353 01c8 06       		.uleb128 0x6
 1354 01c9 40       		.uleb128 0x40
 1355 01ca 18       		.uleb128 0x18
 1356 01cb 9742     		.uleb128 0x2117
 1357 01cd 19       		.uleb128 0x19
 1358 01ce 01       		.uleb128 0x1
 1359 01cf 13       		.uleb128 0x13
 1360 01d0 00       		.byte	0
 1361 01d1 00       		.byte	0
 1362 01d2 22       		.uleb128 0x22
 1363 01d3 2E       		.uleb128 0x2e
 1364 01d4 00       		.byte	0
 1365 01d5 3F       		.uleb128 0x3f
 1366 01d6 19       		.uleb128 0x19
 1367 01d7 3C       		.uleb128 0x3c
ARM GAS  C:\Users\turan\AppData\Local\Temp\ccH9sbmL.s 			page 27


 1368 01d8 19       		.uleb128 0x19
 1369 01d9 6E       		.uleb128 0x6e
 1370 01da 0E       		.uleb128 0xe
 1371 01db 03       		.uleb128 0x3
 1372 01dc 0E       		.uleb128 0xe
 1373 01dd 3A       		.uleb128 0x3a
 1374 01de 0B       		.uleb128 0xb
 1375 01df 3B       		.uleb128 0x3b
 1376 01e0 0B       		.uleb128 0xb
 1377 01e1 00       		.byte	0
 1378 01e2 00       		.byte	0
 1379 01e3 23       		.uleb128 0x23
 1380 01e4 2E       		.uleb128 0x2e
 1381 01e5 00       		.byte	0
 1382 01e6 3F       		.uleb128 0x3f
 1383 01e7 19       		.uleb128 0x19
 1384 01e8 3C       		.uleb128 0x3c
 1385 01e9 19       		.uleb128 0x19
 1386 01ea 6E       		.uleb128 0x6e
 1387 01eb 0E       		.uleb128 0xe
 1388 01ec 03       		.uleb128 0x3
 1389 01ed 0E       		.uleb128 0xe
 1390 01ee 00       		.byte	0
 1391 01ef 00       		.byte	0
 1392 01f0 00       		.byte	0
 1393              		.section	.debug_loc,"",%progbits
 1394              	.Ldebug_loc0:
 1395              	.LLST0:
 1396 0000 00000000 		.4byte	.LVL2
 1397 0004 0A000000 		.4byte	.LVL3
 1398 0008 0100     		.2byte	0x1
 1399 000a 50       		.byte	0x50
 1400 000b 0A000000 		.4byte	.LVL3
 1401 000f 1A000000 		.4byte	.LVL6
 1402 0013 0100     		.2byte	0x1
 1403 0015 54       		.byte	0x54
 1404 0016 1A000000 		.4byte	.LVL6
 1405 001a 1C000000 		.4byte	.LFE47
 1406 001e 0400     		.2byte	0x4
 1407 0020 F3       		.byte	0xf3
 1408 0021 01       		.uleb128 0x1
 1409 0022 50       		.byte	0x50
 1410 0023 9F       		.byte	0x9f
 1411 0024 00000000 		.4byte	0
 1412 0028 00000000 		.4byte	0
 1413              	.LLST1:
 1414 002c 00000000 		.4byte	.LVL2
 1415 0030 0D000000 		.4byte	.LVL4-1
 1416 0034 0100     		.2byte	0x1
 1417 0036 51       		.byte	0x51
 1418 0037 0D000000 		.4byte	.LVL4-1
 1419 003b 1C000000 		.4byte	.LFE47
 1420 003f 0400     		.2byte	0x4
 1421 0041 F3       		.byte	0xf3
 1422 0042 01       		.uleb128 0x1
 1423 0043 51       		.byte	0x51
 1424 0044 9F       		.byte	0x9f
ARM GAS  C:\Users\turan\AppData\Local\Temp\ccH9sbmL.s 			page 28


 1425 0045 00000000 		.4byte	0
 1426 0049 00000000 		.4byte	0
 1427              	.LLST2:
 1428 004d 00000000 		.4byte	.LVL7
 1429 0051 1E000000 		.4byte	.LVL8
 1430 0055 0100     		.2byte	0x1
 1431 0057 50       		.byte	0x50
 1432 0058 1E000000 		.4byte	.LVL8
 1433 005c 22000000 		.4byte	.LFE49
 1434 0060 0400     		.2byte	0x4
 1435 0062 F3       		.byte	0xf3
 1436 0063 01       		.uleb128 0x1
 1437 0064 50       		.byte	0x50
 1438 0065 9F       		.byte	0x9f
 1439 0066 00000000 		.4byte	0
 1440 006a 00000000 		.4byte	0
 1441              	.LLST3:
 1442 006e 00000000 		.4byte	.LVL9
 1443 0072 05000000 		.4byte	.LVL10-1
 1444 0076 0100     		.2byte	0x1
 1445 0078 50       		.byte	0x50
 1446 0079 05000000 		.4byte	.LVL10-1
 1447 007d 08000000 		.4byte	.LFE48
 1448 0081 0400     		.2byte	0x4
 1449 0083 F3       		.byte	0xf3
 1450 0084 01       		.uleb128 0x1
 1451 0085 50       		.byte	0x50
 1452 0086 9F       		.byte	0x9f
 1453 0087 00000000 		.4byte	0
 1454 008b 00000000 		.4byte	0
 1455              	.LLST4:
 1456 008f 00000000 		.4byte	.LVL11
 1457 0093 02000000 		.4byte	.LVL12
 1458 0097 0100     		.2byte	0x1
 1459 0099 50       		.byte	0x50
 1460 009a 02000000 		.4byte	.LVL12
 1461 009e 06000000 		.4byte	.LFE51
 1462 00a2 0400     		.2byte	0x4
 1463 00a4 F3       		.byte	0xf3
 1464 00a5 01       		.uleb128 0x1
 1465 00a6 50       		.byte	0x50
 1466 00a7 9F       		.byte	0x9f
 1467 00a8 00000000 		.4byte	0
 1468 00ac 00000000 		.4byte	0
 1469              	.LLST5:
 1470 00b0 00000000 		.4byte	.LVL13
 1471 00b4 05000000 		.4byte	.LVL14-1
 1472 00b8 0100     		.2byte	0x1
 1473 00ba 50       		.byte	0x50
 1474 00bb 05000000 		.4byte	.LVL14-1
 1475 00bf 08000000 		.4byte	.LFE50
 1476 00c3 0400     		.2byte	0x4
 1477 00c5 F3       		.byte	0xf3
 1478 00c6 01       		.uleb128 0x1
 1479 00c7 50       		.byte	0x50
 1480 00c8 9F       		.byte	0x9f
 1481 00c9 00000000 		.4byte	0
ARM GAS  C:\Users\turan\AppData\Local\Temp\ccH9sbmL.s 			page 29


 1482 00cd 00000000 		.4byte	0
 1483              		.section	.debug_aranges,"",%progbits
 1484 0000 5C000000 		.4byte	0x5c
 1485 0004 0200     		.2byte	0x2
 1486 0006 00000000 		.4byte	.Ldebug_info0
 1487 000a 04       		.byte	0x4
 1488 000b 00       		.byte	0
 1489 000c 0000     		.2byte	0
 1490 000e 0000     		.2byte	0
 1491 0010 00000000 		.4byte	.LFB44
 1492 0014 04000000 		.4byte	.LFE44-.LFB44
 1493 0018 00000000 		.4byte	.LFB43
 1494 001c 18000000 		.4byte	.LFE43-.LFB43
 1495 0020 00000000 		.4byte	.LFB45
 1496 0024 04000000 		.4byte	.LFE45-.LFB45
 1497 0028 00000000 		.4byte	.LFB46
 1498 002c 14000000 		.4byte	.LFE46-.LFB46
 1499 0030 00000000 		.4byte	.LFB47
 1500 0034 1C000000 		.4byte	.LFE47-.LFB47
 1501 0038 00000000 		.4byte	.LFB49
 1502 003c 22000000 		.4byte	.LFE49-.LFB49
 1503 0040 00000000 		.4byte	.LFB48
 1504 0044 08000000 		.4byte	.LFE48-.LFB48
 1505 0048 00000000 		.4byte	.LFB51
 1506 004c 06000000 		.4byte	.LFE51-.LFB51
 1507 0050 00000000 		.4byte	.LFB50
 1508 0054 08000000 		.4byte	.LFE50-.LFB50
 1509 0058 00000000 		.4byte	0
 1510 005c 00000000 		.4byte	0
 1511              		.section	.debug_ranges,"",%progbits
 1512              	.Ldebug_ranges0:
 1513 0000 00000000 		.4byte	.LFB44
 1514 0004 04000000 		.4byte	.LFE44
 1515 0008 00000000 		.4byte	.LFB43
 1516 000c 18000000 		.4byte	.LFE43
 1517 0010 00000000 		.4byte	.LFB45
 1518 0014 04000000 		.4byte	.LFE45
 1519 0018 00000000 		.4byte	.LFB46
 1520 001c 14000000 		.4byte	.LFE46
 1521 0020 00000000 		.4byte	.LFB47
 1522 0024 1C000000 		.4byte	.LFE47
 1523 0028 00000000 		.4byte	.LFB49
 1524 002c 22000000 		.4byte	.LFE49
 1525 0030 00000000 		.4byte	.LFB48
 1526 0034 08000000 		.4byte	.LFE48
 1527 0038 00000000 		.4byte	.LFB51
 1528 003c 06000000 		.4byte	.LFE51
 1529 0040 00000000 		.4byte	.LFB50
 1530 0044 08000000 		.4byte	.LFE50
 1531 0048 00000000 		.4byte	0
 1532 004c 00000000 		.4byte	0
 1533              		.section	.debug_line,"",%progbits
 1534              	.Ldebug_line0:
 1535 0000 43020000 		.section	.debug_str,"MS",%progbits,1
 1535      02009701 
 1535      00000201 
 1535      FB0E0D00 
ARM GAS  C:\Users\turan\AppData\Local\Temp\ccH9sbmL.s 			page 30


 1535      01010101 
 1536              	.LASF48:
 1537 0000 6E746F68 		.ascii	"ntohl\000"
 1537      6C00
 1538              	.LASF19:
 1539 0006 74734C73 		.ascii	"tsLslItem\000"
 1539      6C497465 
 1539      6D00
 1540              	.LASF39:
 1541 0010 76657273 		.ascii	"version\000"
 1541      696F6E00 
 1542              	.LASF51:
 1543 0018 6E746F68 		.ascii	"ntohs\000"
 1543      7300
 1544              	.LASF17:
 1545 001e 46414C53 		.ascii	"FALSE\000"
 1545      4500
 1546              	.LASF57:
 1547 0024 52434F53 		.ascii	"RCOS\\dev\\psoc4\\platform.c\000"
 1547      5C646576 
 1547      5C70736F 
 1547      63345C70 
 1547      6C617466 
 1548              	.LASF2:
 1549 003e 73686F72 		.ascii	"short int\000"
 1549      7420696E 
 1549      7400
 1550              	.LASF31:
 1551 0048 73697A65 		.ascii	"sizetype\000"
 1551      74797065 
 1551      00
 1552              	.LASF54:
 1553 0051 61646456 		.ascii	"addVersionItem\000"
 1553      65727369 
 1553      6F6E4974 
 1553      656D00
 1554              	.LASF15:
 1555 0060 6C6F6E67 		.ascii	"long double\000"
 1555      20646F75 
 1555      626C6500 
 1556              	.LASF7:
 1557 006c 5F5F7569 		.ascii	"__uint32_t\000"
 1557      6E743332 
 1557      5F7400
 1558              	.LASF4:
 1559 0077 5F5F7569 		.ascii	"__uint16_t\000"
 1559      6E743136 
 1559      5F7400
 1560              	.LASF61:
 1561 0082 6D656D63 		.ascii	"memcpy\000"
 1561      707900
 1562              	.LASF32:
 1563 0089 43505549 		.ascii	"CPUID\000"
 1563      4400
 1564              	.LASF43:
 1565 008f 706C6174 		.ascii	"platformInit\000"
 1565      666F726D 
ARM GAS  C:\Users\turan\AppData\Local\Temp\ccH9sbmL.s 			page 31


 1565      496E6974 
 1565      00
 1566              	.LASF50:
 1567 009c 68746F6E 		.ascii	"htons\000"
 1567      7300
 1568              	.LASF56:
 1569 00a2 474E5520 		.ascii	"GNU C11 5.4.1 20160609 (release) [ARM/embedded-5-br"
 1569      43313120 
 1569      352E342E 
 1569      31203230 
 1569      31363036 
 1570 00d5 616E6368 		.ascii	"anch revision 237715] -mcpu=cortex-m0 -mthumb -g -O"
 1570      20726576 
 1570      6973696F 
 1570      6E203233 
 1570      37373135 
 1571 0108 67202D66 		.ascii	"g -ffunction-sections -ffat-lto-objects\000"
 1571      66756E63 
 1571      74696F6E 
 1571      2D736563 
 1571      74696F6E 
 1572              	.LASF12:
 1573 0130 75696E74 		.ascii	"uint8_t\000"
 1573      385F7400 
 1574              	.LASF53:
 1575 0138 6C757442 		.ascii	"lutBitCount\000"
 1575      6974436F 
 1575      756E7400 
 1576              	.LASF41:
 1577 0144 676C6F62 		.ascii	"globalIntEnable\000"
 1577      616C496E 
 1577      74456E61 
 1577      626C6500 
 1578              	.LASF45:
 1579 0154 6C656E67 		.ascii	"length\000"
 1579      746800
 1580              	.LASF29:
 1581 015b 666C6F61 		.ascii	"float\000"
 1581      7400
 1582              	.LASF33:
 1583 0161 49435352 		.ascii	"ICSR\000"
 1583      00
 1584              	.LASF9:
 1585 0166 6C6F6E67 		.ascii	"long long int\000"
 1585      206C6F6E 
 1585      6720696E 
 1585      7400
 1586              	.LASF55:
 1587 0174 43794765 		.ascii	"CyGetUniqueId\000"
 1587      74556E69 
 1587      71756549 
 1587      6400
 1588              	.LASF22:
 1589 0182 74734C73 		.ascii	"tsLsl\000"
 1589      6C00
 1590              	.LASF6:
 1591 0188 6C6F6E67 		.ascii	"long int\000"
ARM GAS  C:\Users\turan\AppData\Local\Temp\ccH9sbmL.s 			page 32


 1591      20696E74 
 1591      00
 1592              	.LASF52:
 1593 0191 72636F73 		.ascii	"rcosVersionList\000"
 1593      56657273 
 1593      696F6E4C 
 1593      69737400 
 1594              	.LASF3:
 1595 01a1 5F5F7569 		.ascii	"__uint8_t\000"
 1595      6E74385F 
 1595      7400
 1596              	.LASF28:
 1597 01ab 74735665 		.ascii	"tsVersionListItem\000"
 1597      7273696F 
 1597      6E4C6973 
 1597      74497465 
 1597      6D00
 1598              	.LASF23:
 1599 01bd 636F6D70 		.ascii	"compName\000"
 1599      4E616D65 
 1599      00
 1600              	.LASF1:
 1601 01c6 756E7369 		.ascii	"unsigned char\000"
 1601      676E6564 
 1601      20636861 
 1601      7200
 1602              	.LASF42:
 1603 01d4 676C6F62 		.ascii	"globalIntDisable\000"
 1603      616C496E 
 1603      74446973 
 1603      61626C65 
 1603      00
 1604              	.LASF26:
 1605 01e5 74735665 		.ascii	"tsVersion\000"
 1605      7273696F 
 1605      6E00
 1606              	.LASF35:
 1607 01ef 41495243 		.ascii	"AIRCR\000"
 1607      5200
 1608              	.LASF38:
 1609 01f5 5343425F 		.ascii	"SCB_Type\000"
 1609      54797065 
 1609      00
 1610              	.LASF27:
 1611 01fe 76657273 		.ascii	"versionInfo\000"
 1611      696F6E49 
 1611      6E666F00 
 1612              	.LASF0:
 1613 020a 7369676E 		.ascii	"signed char\000"
 1613      65642063 
 1613      68617200 
 1614              	.LASF10:
 1615 0216 6C6F6E67 		.ascii	"long long unsigned int\000"
 1615      206C6F6E 
 1615      6720756E 
 1615      7369676E 
 1615      65642069 
ARM GAS  C:\Users\turan\AppData\Local\Temp\ccH9sbmL.s 			page 33


 1616              	.LASF14:
 1617 022d 75696E74 		.ascii	"uint32_t\000"
 1617      33325F74 
 1617      00
 1618              	.LASF11:
 1619 0236 756E7369 		.ascii	"unsigned int\000"
 1619      676E6564 
 1619      20696E74 
 1619      00
 1620              	.LASF13:
 1621 0243 75696E74 		.ascii	"uint16_t\000"
 1621      31365F74 
 1621      00
 1622              	.LASF37:
 1623 024c 53484353 		.ascii	"SHCSR\000"
 1623      5200
 1624              	.LASF46:
 1625 0252 74656D70 		.ascii	"tempBuff\000"
 1625      42756666 
 1625      00
 1626              	.LASF5:
 1627 025b 73686F72 		.ascii	"short unsigned int\000"
 1627      7420756E 
 1627      7369676E 
 1627      65642069 
 1627      6E7400
 1628              	.LASF40:
 1629 026e 76657273 		.ascii	"versionItem\000"
 1629      696F6E49 
 1629      74656D00 
 1630              	.LASF25:
 1631 027a 63686172 		.ascii	"char\000"
 1631      00
 1632              	.LASF49:
 1633 027f 64617461 		.ascii	"data\000"
 1633      00
 1634              	.LASF34:
 1635 0284 52455345 		.ascii	"RESERVED0\000"
 1635      52564544 
 1635      3000
 1636              	.LASF36:
 1637 028e 52455345 		.ascii	"RESERVED1\000"
 1637      52564544 
 1637      3100
 1638              	.LASF24:
 1639 0298 636F6D70 		.ascii	"compVersion\000"
 1639      56657273 
 1639      696F6E00 
 1640              	.LASF8:
 1641 02a4 6C6F6E67 		.ascii	"long unsigned int\000"
 1641      20756E73 
 1641      69676E65 
 1641      6420696E 
 1641      7400
 1642              	.LASF30:
 1643 02b6 646F7562 		.ascii	"double\000"
 1643      6C6500
ARM GAS  C:\Users\turan\AppData\Local\Temp\ccH9sbmL.s 			page 34


 1644              	.LASF18:
 1645 02bd 7465426F 		.ascii	"teBool\000"
 1645      6F6C00
 1646              	.LASF60:
 1647 02c4 69734973 		.ascii	"isIsrActive\000"
 1647      72416374 
 1647      69766500 
 1648              	.LASF47:
 1649 02d0 68746F6E 		.ascii	"htonl\000"
 1649      6C00
 1650              	.LASF59:
 1651 02d6 5F74734C 		.ascii	"_tsLslItem\000"
 1651      736C4974 
 1651      656D00
 1652              	.LASF21:
 1653 02e1 636F756E 		.ascii	"count\000"
 1653      7400
 1654              	.LASF58:
 1655 02e7 433A5C55 		.ascii	"C:\\Users\\turan\\Desktop\\Dev\\Workspace01\\Test\\"
 1655      73657273 
 1655      5C747572 
 1655      616E5C44 
 1655      65736B74 
 1656 0313 4C65645F 		.ascii	"Led_Blink_Process.cydsn\000"
 1656      426C696E 
 1656      6B5F5072 
 1656      6F636573 
 1656      732E6379 
 1657              	.LASF16:
 1658 032b 54525545 		.ascii	"TRUE\000"
 1658      00
 1659              	.LASF44:
 1660 0330 67657455 		.ascii	"getUniqId\000"
 1660      6E697149 
 1660      6400
 1661              	.LASF20:
 1662 033a 6E657874 		.ascii	"next\000"
 1662      00
 1663              		.ident	"GCC: (GNU Tools for ARM Embedded Processors) 5.4.1 20160609 (release) [ARM/embedded-5-bran
