--------------- Build Started: 08/01/2023 09:45:58 Project: Led_Blink_Process, Configuration: ARM GCC 5.4-2016-q2-update Debug ---------------
The code generation step is up to date.
arm-none-eabi-gcc.exe -mcpu=cortex-m0 -mthumb -I.\RCOS -I. -IGenerated_Source\PSoC4 -Wa,-alh=.\CortexM0\ARM_GCC_541\Debug/process_ui.lst -g -D DEBUG -D CY_CORE_ID=0 -Wall -ffunction-sections -ffat-lto-objects -Og -c app\process_ui.c -o .\CortexM0\ARM_GCC_541\Debug\process_ui.o
In file included from .\RCOS/porting.h:68:0,
                 from .\RCOS/rcos_main.h:75,
                 from ./rcos.h:19,
                 from app\process_ui.h:15,
                 from app\process_ui.c:13:
.\RCOS/dev/psoc4/platform.h:94:2: warning: #warning If Linker Time Optimization is active, goto "Cm0Start.c" and change "_sbrk" function __attribute__ from "weak" to "used". it is used by vsprint which is called by devComPrint [-Wcpp]
 #warning If Linker Time Optimization is active, \
  ^
app\process_ui.c: In function 'processUiHandler':
app\process_ui.c:176:24: warning: unused variable 'aaa' [-Wunused-variable]
     const tProcessEnum aaa = eRedLedProcess;
                        ^
app\process_ui.c: At top level:
app\process_ui.c:215:13: warning: 'guiDefaultHandler' defined but not used [-Wunused-function]
 static void guiDefaultHandler(tsProcess *process)
             ^
arm-none-eabi-ar.exe -rs .\CortexM0\ARM_GCC_541\Debug\Led_Blink_Process.a .\CortexM0\ARM_GCC_541\Debug\cyCapsense_Control.o .\CortexM0\ARM_GCC_541\Debug\cyCapsense_Processing.o .\CortexM0\ARM_GCC_541\Debug\cyCapsense_Structure.o .\CortexM0\ARM_GCC_541\Debug\cyCapsense_Tuner.o .\CortexM0\ARM_GCC_541\Debug\cyCapsense_Filter.o .\CortexM0\ARM_GCC_541\Debug\cyCapsense_Sensing.o .\CortexM0\ARM_GCC_541\Debug\cyCapsense_INT.o .\CortexM0\ARM_GCC_541\Debug\cyCapsense_SensingCSD_LL.o .\CortexM0\ARM_GCC_541\Debug\cyLed_p43.o .\CortexM0\ARM_GCC_541\Debug\cyLed_p43_PM.o .\CortexM0\ARM_GCC_541\Debug\cyLed_p44.o .\CortexM0\ARM_GCC_541\Debug\cyLed_p44_PM.o .\CortexM0\ARM_GCC_541\Debug\cyLed_p45.o .\CortexM0\ARM_GCC_541\Debug\cyLed_p45_PM.o .\CortexM0\ARM_GCC_541\Debug\cyUart_p50_p51.o .\CortexM0\ARM_GCC_541\Debug\cyUart_p50_p51_SPI_UART.o .\CortexM0\ARM_GCC_541\Debug\cyUart_p50_p51_SPI_UART_INT.o .\CortexM0\ARM_GCC_541\Debug\cyUart_p50_p51_PM.o .\CortexM0\ARM_GCC_541\Debug\cyUart_p50_p51_UART.o .\CortexM0\ARM_GCC_541\Debug\cyUart_p50_p51_BOOT.o .\CortexM0\ARM_GCC_541\Debug\cyUart_p50_p51_UART_BOOT.o .\CortexM0\ARM_GCC_541\Debug\cyBuzzerPWM.o .\CortexM0\ARM_GCC_541\Debug\cyBuzzerPWM_PM.o .\CortexM0\ARM_GCC_541\Debug\Clock_1.o .\CortexM0\ARM_GCC_541\Debug\cyBuzzer_p55.o .\CortexM0\ARM_GCC_541\Debug\cyBuzzer_p55_PM.o .\CortexM0\ARM_GCC_541\Debug\cySegA_p20.o .\CortexM0\ARM_GCC_541\Debug\cySegA_p20_PM.o .\CortexM0\ARM_GCC_541\Debug\cySegB_p21.o .\CortexM0\ARM_GCC_541\Debug\cySegB_p21_PM.o .\CortexM0\ARM_GCC_541\Debug\cySegC_p22.o .\CortexM0\ARM_GCC_541\Debug\cySegC_p22_PM.o .\CortexM0\ARM_GCC_541\Debug\cySegD_p23.o .\CortexM0\ARM_GCC_541\Debug\cySegD_p23_PM.o .\CortexM0\ARM_GCC_541\Debug\cySegE_p24.o .\CortexM0\ARM_GCC_541\Debug\cySegE_p24_PM.o .\CortexM0\ARM_GCC_541\Debug\cySegF_p25.o .\CortexM0\ARM_GCC_541\Debug\cySegF_p25_PM.o .\CortexM0\ARM_GCC_541\Debug\cySegG_p26.o .\CortexM0\ARM_GCC_541\Debug\cySegG_p26_PM.o .\CortexM0\ARM_GCC_541\Debug\cyDigit1_p34.o .\CortexM0\ARM_GCC_541\Debug\cyDigit1_p34_PM.o .\CortexM0\ARM_GCC_541\Debug\cyDigit2_p35.o .\CortexM0\ARM_GCC_541\Debug\cyDigit2_p35_PM.o .\CortexM0\ARM_GCC_541\Debug\cyCol1_p03.o .\CortexM0\ARM_GCC_541\Debug\cyCol1_p03_PM.o .\CortexM0\ARM_GCC_541\Debug\cyCol2_p02.o .\CortexM0\ARM_GCC_541\Debug\cyCol2_p02_PM.o .\CortexM0\ARM_GCC_541\Debug\cyCol3_p01.o .\CortexM0\ARM_GCC_541\Debug\cyCol3_p01_PM.o .\CortexM0\ARM_GCC_541\Debug\cyCol4_p00.o .\CortexM0\ARM_GCC_541\Debug\cyCol4_p00_PM.o .\CortexM0\ARM_GCC_541\Debug\cyCapsense_ISR.o .\CortexM0\ARM_GCC_541\Debug\cyUart_p50_p51_SCBCLK.o .\CortexM0\ARM_GCC_541\Debug\cyUart_p50_p51_tx.o .\CortexM0\ARM_GCC_541\Debug\cyUart_p50_p51_tx_PM.o .\CortexM0\ARM_GCC_541\Debug\cyUart_p50_p51_SCB_IRQ.o .\CortexM0\ARM_GCC_541\Debug\cyUart_p50_p51_rx.o .\CortexM0\ARM_GCC_541\Debug\cyUart_p50_p51_rx_PM.o .\CortexM0\ARM_GCC_541\Debug\CyFlash.o .\CortexM0\ARM_GCC_541\Debug\CyLib.o .\CortexM0\ARM_GCC_541\Debug\cyPm.o .\CortexM0\ARM_GCC_541\Debug\cyutils.o .\CortexM0\ARM_GCC_541\Debug\CyDMA.o .\CortexM0\ARM_GCC_541\Debug\CyLFClk.o .\CortexM0\ARM_GCC_541\Debug\cy_em_eeprom.o .\CortexM0\ARM_GCC_541\Debug\CyBootAsmGnu.o
arm-none-eabi-ar.exe: creating .\CortexM0\ARM_GCC_541\Debug\Led_Blink_Process.a
arm-none-eabi-gcc.exe -Wl,--start-group -o C:\Users\turan\Desktop\Dev\Workspace01\Test\Led_Blink_Process.cydsn\CortexM0\ARM_GCC_541\Debug\Led_Blink_Process.elf .\CortexM0\ARM_GCC_541\Debug\platform.o .\CortexM0\ARM_GCC_541\Debug\sevensegmentdisplay.o .\CortexM0\ARM_GCC_541\Debug\encoder.o .\CortexM0\ARM_GCC_541\Debug\process_ui.o .\CortexM0\ARM_GCC_541\Debug\greenledprocess.o .\CortexM0\ARM_GCC_541\Debug\redledprocess.o .\CortexM0\ARM_GCC_541\Debug\main.o .\CortexM0\ARM_GCC_541\Debug\rcos.o .\CortexM0\ARM_GCC_541\Debug\cyfitter_cfg.o .\CortexM0\ARM_GCC_541\Debug\cymetadata.o .\CortexM0\ARM_GCC_541\Debug\Cm0Start.o .\CortexM0\ARM_GCC_541\Debug\Led_Blink_Process.a "C:\Program Files (x86)\Cypress\PSoC Creator\4.4\PSoC Creator\psoc\content\CyComponentLibrary\CyComponentLibrary.cylib\CapSense_P4_v6_0\PSoC4\Library\Capsense_P4Library_GCC.a" -mcpu=cortex-m0 -mthumb -l _psoc4_C_2.0.1_L.0.1.6_release -L Generated_Source\PSoC4 -L .\RCOS\Platforms\Cypress\psoc4 -Wl,-Map,.\CortexM0\ARM_GCC_541\Debug/Led_Blink_Process.map -T Generated_Source\PSoC4\cm0gcc.ld -specs=nano.specs -Wl,--gc-sections -g -ffunction-sections -Og -ffat-lto-objects -Wl,--end-group
cyelftool.exe -C C:\Users\turan\Desktop\Dev\Workspace01\Test\Led_Blink_Process.cydsn\CortexM0\ARM_GCC_541\Debug\Led_Blink_Process.elf --flash_row_size 256 --flash_size 262144 --flash_offset 0x00000000
No ELF section .cychecksum found, creating one
Application checksum calculated and stored in ELF section .cychecksum
Checksum calculated and stored in ELF section .cymeta
cyelftool.exe -S C:\Users\turan\Desktop\Dev\Workspace01\Test\Led_Blink_Process.cydsn\CortexM0\ARM_GCC_541\Debug\Led_Blink_Process.elf
Flash used: 17830 of 262144 bytes (%6,8).
SRAM used: 5048 of 32768 bytes (%15,4). Stack: 2048 bytes. Heap: 128 bytes.
--------------- Build Succeeded: 08/01/2023 09:45:59 ---------------
